#
# A fatal error has been detected by the Java Runtime Environment:
#
#  EXCEPTION_ACCESS_VIOLATION (0xc0000005) at pc=0x000000000255f489, pid=3908, tid=7400
#
# JRE version: Java(TM) SE Runtime Environment (7.0_75-b13) (build 1.7.0_75-b13)
# Java VM: Java HotSpot(TM) 64-Bit Server VM (24.75-b04 mixed mode windows-amd64 compressed oops)
# Problematic frame:
# j  org.apache.poi.hssf.model.RecordStream.peekNextSid()I+17
#
# Failed to write core dump. Minidumps are not enabled by default on client versions of Windows
#
# If you would like to submit a bug report, please visit:
#   http://bugreport.sun.com/bugreport/crash.jsp
#

---------------  T H R E A D  ---------------

Current thread (0x000000000ce74000):  JavaThread "TestNG" [_thread_in_Java, id=7400, stack(0x000000000e7e0000,0x000000000e8e0000)]

siginfo: ExceptionCode=0xc0000005, reading address 0x000000057cf17d50

Registers:
RAX=0x000000077ceacb88, RBX=0x000000057cf17d08, RCX=0x0000000000000048, RDX=0x00000007d6f54010
RSP=0x000000000e8de3e0, RBP=0x000000000e8de420, RSI=0x00000000000000e9, RDI=0x000000000000000e
R8 =0x0000000000000823, R9 =0x00000000fae2c0d9, R10=0x0000000063990010, R11=0x000000000000222c
R12=0x0000000000000000, R13=0x000000077cffc806, R14=0x000000000e8de430, R15=0x000000000ce74000
RIP=0x000000000255f489, EFLAGS=0x0000000000010283

Top of Stack: (sp=0x000000000e8de3e0)
0x000000000e8de3e0:   000000000e8de3e0 000000077cffc801
0x000000000e8de3f0:   000000000e8de430 000000077cffcbb8
0x000000000e8de400:   0000000000000000 000000077cffc828
0x000000000e8de410:   0000000000000000 000000000e8de430
0x000000000e8de420:   000000000e8de478 0000000002546274
0x000000000e8de430:   00000007d70b0708 000000000e8de438
0x000000000e8de440:   000000077d02271c 000000000e8de4e8
0x000000000e8de450:   000000077d022e88 0000000000000000
0x000000000e8de460:   000000077d022940 000000000e8de430
0x000000000e8de470:   000000000e8de4e0 000000000e8de538
0x000000000e8de480:   00000000025460f8 0000000000000000
0x000000000e8de490:   0000000000000000 00000007d715cba0
0x000000000e8de4a0:   00000007d6f53fc8 00000007d6f53fc8
0x000000000e8de4b0:   00000007d715cc18 00000007d715cc00
0x000000000e8de4c0:   00000007d715cbe8 00000007d715cbd0
0x000000000e8de4d0:   00000007d715cbb8 00000007d715cba0 

Instructions: (pc=0x000000000255f489)
0x000000000255f469:   89 59 10 bf 01 00 00 00 48 89 79 18 48 83 c1 30
0x000000000255f479:   48 89 4d e0 48 3b d8 0f 84 5e 00 00 00 8b 48 1c
0x000000000255f489:   48 3b 04 0b 0f 84 51 00 00 00 83 f9 28 0f 85 25
0x000000000255f499:   00 00 00 50 48 8b c0 57 48 8b 7b 30 8b 4f 0c 48 


Register to memory mapping:

RAX=0x000000077ceacb88 is an oop
{instance class} 
 - klass: {other class}
RBX=0x000000057cf17d08 is an unknown value
RCX=0x0000000000000048 is an unknown value
RDX=0x00000007d6f54010 is an oop
org.apache.poi.hssf.record.LabelSSTRecord 
 - klass: 'org/apache/poi/hssf/record/LabelSSTRecord'
RSP=0x000000000e8de3e0 is pointing into the stack for thread: 0x000000000ce74000
RBP=0x000000000e8de420 is pointing into the stack for thread: 0x000000000ce74000
RSI=0x00000000000000e9 is an unknown value
RDI=0x000000000000000e is an unknown value
R8 =0x0000000000000823 is an unknown value
R9 =0x00000000fae2c0d9 is an unknown value
R10=0x0000000063990010 is an unknown value
R11=0x000000000000222c is an unknown value
R12=0x0000000000000000 is an unknown value
R13=0x000000077cffc806 is pointing into object: 0x000000077cffc7b0
{constMethod} 
 - klass: {other class}
 - constants:       0x000000077cffbea8 constant pool [82] for 'org/apache/poi/hssf/model/RecordStream' cache=0x000000077cffcbb8
 - stackmap data:       [B
bci_from(000000077CFFC806) = 22; print_codes():
R14=0x000000000e8de430 is pointing into the stack for thread: 0x000000000ce74000
R15=0x000000000ce74000 is a thread


Stack: [0x000000000e7e0000,0x000000000e8e0000],  sp=0x000000000e8de3e0,  free space=1016k
Native frames: (J=compiled Java code, j=interpreted, Vv=VM code, C=native code)
j  org.apache.poi.hssf.model.RecordStream.peekNextSid()I+17
j  org.apache.poi.hssf.model.RowBlocksReader.<init>(Lorg/apache/poi/hssf/model/RecordStream;)V+60
j  org.apache.poi.hssf.model.InternalSheet.<init>(Lorg/apache/poi/hssf/model/RecordStream;)V+359
j  org.apache.poi.hssf.model.InternalSheet.createSheet(Lorg/apache/poi/hssf/model/RecordStream;)Lorg/apache/poi/hssf/model/InternalSheet;+5
j  org.apache.poi.hssf.usermodel.HSSFWorkbook.<init>(Lorg/apache/poi/poifs/filesystem/DirectoryNode;Z)V+151
j  org.apache.poi.hssf.usermodel.HSSFWorkbook.<init>(Lorg/apache/poi/poifs/filesystem/DirectoryNode;Lorg/apache/poi/poifs/filesystem/POIFSFileSystem;Z)V+3
j  org.apache.poi.hssf.usermodel.HSSFWorkbook.<init>(Lorg/apache/poi/poifs/filesystem/POIFSFileSystem;Z)V+7
j  org.apache.poi.hssf.usermodel.HSSFWorkbook.<init>(Ljava/io/InputStream;Z)V+10
j  org.apache.poi.hssf.usermodel.HSSFWorkbook.<init>(Ljava/io/InputStream;)V+3
j  com.etouch.taf.util.ExcelUtil.readExcelData(Ljava/lang/String;Ljava/lang/String;Ljava/lang/String;)[[Ljava/lang/String;+20
j  com.etouch.connsTests.TestConnsAccountAndSignInPage.setUp(Lorg/testng/ITestContext;)V+236
v  ~StubRoutines::call_stub
V  [jvm.dll+0x1cf163]


---------------  P R O C E S S  ---------------

Java Threads: ( => current thread )
=>0x000000000ce74000 JavaThread "TestNG" [_thread_in_Java, id=7400, stack(0x000000000e7e0000,0x000000000e8e0000)]
  0x000000000a98e000 JavaThread "Service Thread" daemon [_thread_blocked, id=7544, stack(0x000000000c4c0000,0x000000000c5c0000)]
  0x000000000a98b000 JavaThread "C2 CompilerThread1" daemon [_thread_blocked, id=7292, stack(0x000000000c2c0000,0x000000000c3c0000)]
  0x000000000a981800 JavaThread "C2 CompilerThread0" daemon [_thread_blocked, id=7404, stack(0x000000000c020000,0x000000000c120000)]
  0x000000000a97f800 JavaThread "Attach Listener" daemon [_thread_blocked, id=7812, stack(0x000000000c120000,0x000000000c220000)]
  0x000000000a978800 JavaThread "Signal Dispatcher" daemon [_thread_blocked, id=6620, stack(0x000000000bea0000,0x000000000bfa0000)]
  0x000000000a91c000 JavaThread "Finalizer" daemon [_thread_blocked, id=7700, stack(0x000000000bbd0000,0x000000000bcd0000)]
  0x000000000a914800 JavaThread "Reference Handler" daemon [_thread_blocked, id=4780, stack(0x000000000bd10000,0x000000000be10000)]
  0x00000000002af800 JavaThread "main" [_thread_blocked, id=7692, stack(0x0000000002440000,0x0000000002540000)]

Other Threads:
  0x000000000a911000 VMThread [stack: 0x000000000ba40000,0x000000000bb40000] [id=8136]
  0x000000000c5fc800 WatcherThread [stack: 0x000000000ca50000,0x000000000cb50000] [id=7780]

VM state:not at safepoint (normal execution)

VM Mutex/Monitor currently owned by a thread: None

Heap
 PSYoungGen      total 71680K, used 27332K [0x00000007d5c80000, 0x00000007de880000, 0x0000000800000000)
  eden space 66560K, 33% used [0x00000007d5c80000,0x00000007d72345d8,0x00000007d9d80000)
  from space 5120K, 99% used [0x00000007d9d80000,0x00000007da27cd50,0x00000007da280000)
  to   space 5120K, 0% used [0x00000007de380000,0x00000007de380000,0x00000007de880000)
 ParOldGen       total 86016K, used 24035K [0x0000000781600000, 0x0000000786a00000, 0x00000007d5c80000)
  object space 86016K, 27% used [0x0000000781600000,0x0000000782d78ef0,0x0000000786a00000)
 PSPermGen       total 21504K, used 12428K [0x000000077c400000, 0x000000077d900000, 0x0000000781600000)
  object space 21504K, 57% used [0x000000077c400000,0x000000077d0231e8,0x000000077d900000)

Card table byte_map: [0x0000000005540000,0x0000000005960000] byte_map_base: 0x000000000195e000

Polling page: 0x0000000000220000

Code Cache  [0x0000000002540000, 0x00000000027b0000, 0x0000000005540000)
 total_blobs=547 nmethods=263 adapters=236 free_code_cache=48130Kb largest_free_block=49265664

Compilation events (10 events):
Event: 10.516 Thread 0x000000000a98b000  274             org.apache.poi.hssf.record.RecordInputStream::readShort (25 bytes)
Event: 10.527 Thread 0x000000000a98b000 nmethod 274 0x0000000002641d50 code [0x0000000002641ee0, 0x0000000002642260]
Event: 10.556 Thread 0x000000000a981800  276             org.apache.poi.hssf.record.RecordInputStream::readUShort (25 bytes)
Event: 10.566 Thread 0x000000000a981800 nmethod 276 0x0000000002640e90 code [0x0000000002641020, 0x00000000026413a0]
Event: 10.566 Thread 0x000000000a981800  277             java.lang.Number::<init> (5 bytes)
Event: 10.566 Thread 0x000000000a981800 nmethod 277 0x000000000263bd50 code [0x000000000263be80, 0x000000000263bed8]
Event: 10.572 Thread 0x000000000a981800  278             java.lang.Integer::valueOf (54 bytes)
Event: 10.575 Thread 0x000000000a981800 nmethod 278 0x000000000263eb50 code [0x000000000263eca0, 0x000000000263ed78]
Event: 10.610 Thread 0x000000000a981800  279             org.apache.poi.hssf.record.LabelSSTRecord::getSid (4 bytes)
Event: 10.610 Thread 0x000000000a981800 nmethod 279 0x000000000263d390 code [0x000000000263d4c0, 0x000000000263d518]

GC Heap History (6 events):
Event: 1.205 GC heap before
{Heap before GC invocations=1 (full 0):
 PSYoungGen      total 38400K, used 33280K [0x00000007d5c80000, 0x00000007d8700000, 0x0000000800000000)
  eden space 33280K, 100% used [0x00000007d5c80000,0x00000007d7d00000,0x00000007d7d00000)
  from space 5120K, 0% used [0x00000007d8200000,0x00000007d8200000,0x00000007d8700000)
  to   space 5120K, 0% used [0x00000007d7d00000,0x00000007d7d00000,0x00000007d8200000)
 ParOldGen       total 86016K, used 0K [0x0000000781600000, 0x0000000786a00000, 0x00000007d5c80000)
  object space 86016K, 0% used [0x0000000781600000,0x0000000781600000,0x0000000786a00000)
 PSPermGen       total 21504K, used 3927K [0x000000077c400000, 0x000000077d900000, 0x0000000781600000)
  object space 21504K, 18% used [0x000000077c400000,0x000000077c7d5e40,0x000000077d900000)
Event: 1.227 GC heap after
Heap after GC invocations=1 (full 0):
 PSYoungGen      total 38400K, used 5097K [0x00000007d5c80000, 0x00000007da780000, 0x0000000800000000)
  eden space 33280K, 0% used [0x00000007d5c80000,0x00000007d5c80000,0x00000007d7d00000)
  from space 5120K, 99% used [0x00000007d7d00000,0x00000007d81fa558,0x00000007d8200000)
  to   space 5120K, 0% used [0x00000007da280000,0x00000007da280000,0x00000007da780000)
 ParOldGen       total 86016K, used 7532K [0x0000000781600000, 0x0000000786a00000, 0x00000007d5c80000)
  object space 86016K, 8% used [0x0000000781600000,0x0000000781d5b208,0x0000000786a00000)
 PSPermGen       total 21504K, used 3927K [0x000000077c400000, 0x000000077d900000, 0x0000000781600000)
  object space 21504K, 18% used [0x000000077c400000,0x000000077c7d5e40,0x000000077d900000)
}
Event: 1.750 GC heap before
{Heap before GC invocations=2 (full 0):
 PSYoungGen      total 38400K, used 38377K [0x00000007d5c80000, 0x00000007da780000, 0x0000000800000000)
  eden space 33280K, 100% used [0x00000007d5c80000,0x00000007d7d00000,0x00000007d7d00000)
  from space 5120K, 99% used [0x00000007d7d00000,0x00000007d81fa558,0x00000007d8200000)
  to   space 5120K, 0% used [0x00000007da280000,0x00000007da280000,0x00000007da780000)
 ParOldGen       total 86016K, used 7532K [0x0000000781600000, 0x0000000786a00000, 0x00000007d5c80000)
  object space 86016K, 8% used [0x0000000781600000,0x0000000781d5b208,0x0000000786a00000)
 PSPermGen       total 21504K, used 4401K [0x000000077c400000, 0x000000077d900000, 0x0000000781600000)
  object space 21504K, 20% used [0x000000077c400000,0x000000077c84c698,0x000000077d900000)
Event: 1.776 GC heap after
Heap after GC invocations=2 (full 0):
 PSYoungGen      total 71680K, used 5119K [0x00000007d5c80000, 0x00000007da780000, 0x0000000800000000)
  eden space 66560K, 0% used [0x00000007d5c80000,0x00000007d5c80000,0x00000007d9d80000)
  from space 5120K, 99% used [0x00000007da280000,0x00000007da77fcc0,0x00000007da780000)
  to   space 5120K, 0% used [0x00000007d9d80000,0x00000007d9d80000,0x00000007da280000)
 ParOldGen       total 86016K, used 19177K [0x0000000781600000, 0x0000000786a00000, 0x00000007d5c80000)
  object space 86016K, 22% used [0x0000000781600000,0x00000007828ba718,0x0000000786a00000)
 PSPermGen       total 21504K, used 4401K [0x000000077c400000, 0x000000077d900000, 0x0000000781600000)
  object space 21504K, 20% used [0x000000077c400000,0x000000077c84c698,0x000000077d900000)
}
Event: 4.670 GC heap before
{Heap before GC invocations=3 (full 0):
 PSYoungGen      total 71680K, used 71679K [0x00000007d5c80000, 0x00000007da780000, 0x0000000800000000)
  eden space 66560K, 100% used [0x00000007d5c80000,0x00000007d9d80000,0x00000007d9d80000)
  from space 5120K, 99% used [0x00000007da280000,0x00000007da77fcc0,0x00000007da780000)
  to   space 5120K, 0% used [0x00000007d9d80000,0x00000007d9d80000,0x00000007da280000)
 ParOldGen       total 86016K, used 19177K [0x0000000781600000, 0x0000000786a00000, 0x00000007d5c80000)
  object space 86016K, 22% used [0x0000000781600000,0x00000007828ba718,0x0000000786a00000)
 PSPermGen       total 21504K, used 9721K [0x000000077c400000, 0x000000077d900000, 0x0000000781600000)
  object space 21504K, 45% used [0x000000077c400000,0x000000077cd7e6b0,0x000000077d900000)
Event: 4.712 GC heap after
Heap after GC invocations=3 (full 0):
 PSYoungGen      total 71680K, used 5107K [0x00000007d5c80000, 0x00000007de880000, 0x0000000800000000)
  eden space 66560K, 0% used [0x00000007d5c80000,0x00000007d5c80000,0x00000007d9d80000)
  from space 5120K, 99% used [0x00000007d9d80000,0x00000007da27cd50,0x00000007da280000)
  to   space 5120K, 0% used [0x00000007de380000,0x00000007de380000,0x00000007de880000)
 ParOldGen       total 86016K, used 24035K [0x0000000781600000, 0x0000000786a00000, 0x00000007d5c80000)
  object space 86016K, 27% used [0x0000000781600000,0x0000000782d78ef0,0x0000000786a00000)
 PSPermGen       total 21504K, used 9721K [0x000000077c400000, 0x000000077d900000, 0x0000000781600000)
  object space 21504K, 45% used [0x000000077c400000,0x000000077cd7e6b0,0x000000077d900000)
}

Deoptimization events (10 events):
Event: 3.267 Thread 0x00000000002af800 Uncommon trap: reason=unreached action=reinterpret pc=0x00000000025be06c method=java.util.HashMap.getEntry(Ljava/lang/Object;)Ljava/util/HashMap$Entry; @ 10
Event: 4.272 Thread 0x00000000002af800 Uncommon trap: reason=class_check action=maybe_recompile pc=0x00000000025f5f00 method=java.util.HashMap.putAllForCreate(Ljava/util/Map;)V @ 1
Event: 4.287 Thread 0x00000000002af800 Uncommon trap: reason=class_check action=maybe_recompile pc=0x00000000025fd2ac method=java.lang.String.equals(Ljava/lang/Object;)Z @ 8
Event: 4.287 Thread 0x00000000002af800 Uncommon trap: reason=class_check action=maybe_recompile pc=0x00000000025fd2ac method=java.lang.String.equals(Ljava/lang/Object;)Z @ 8
Event: 4.329 Thread 0x00000000002af800 Uncommon trap: reason=class_check action=maybe_recompile pc=0x00000000025fd2ac method=java.lang.String.equals(Ljava/lang/Object;)Z @ 8
Event: 4.329 Thread 0x00000000002af800 Uncommon trap: reason=class_check action=maybe_recompile pc=0x00000000025fd2ac method=java.lang.String.equals(Ljava/lang/Object;)Z @ 8
Event: 4.609 Thread 0x00000000002af800 Uncommon trap: reason=class_check action=maybe_recompile pc=0x000000000261f37c method=java.util.regex.Matcher.match(II)Z @ 86
Event: 4.609 Thread 0x00000000002af800 Uncommon trap: reason=class_check action=maybe_recompile pc=0x000000000261f37c method=java.util.regex.Matcher.match(II)Z @ 86
Event: 4.805 Thread 0x000000000ce74000 Uncommon trap: reason=null_check action=make_not_entrant pc=0x00000000025d12b0 method=java.lang.StringCoding.deref(Ljava/lang/ThreadLocal;)Ljava/lang/Object; @ 4
Event: 10.371 Thread 0x000000000ce74000 Uncommon trap: reason=null_check action=make_not_entrant pc=0x00000000025ddd98 method=java.lang.StringCoding.deref(Ljava/lang/ThreadLocal;)Ljava/lang/Object; @ 4

Internal exceptions (10 events):
Event: 10.621 Thread 0x000000000ce74000 Threw 0x00000007d70efec0 at C:\re\jdk7u75\1940\hotspot\src\share\vm\prims\jvm.cpp:1281
Event: 10.622 Thread 0x000000000ce74000 Threw 0x00000007d70facb8 at C:\re\jdk7u75\1940\hotspot\src\share\vm\prims\jvm.cpp:1281
Event: 10.623 Thread 0x000000000ce74000 Threw 0x00000007d7104dd8 at C:\re\jdk7u75\1940\hotspot\src\share\vm\prims\jvm.cpp:1281
Event: 10.625 Thread 0x000000000ce74000 Threw 0x00000007d71157e0 at C:\re\jdk7u75\1940\hotspot\src\share\vm\prims\jvm.cpp:1281
Event: 10.627 Thread 0x000000000ce74000 Threw 0x00000007d711e8e8 at C:\re\jdk7u75\1940\hotspot\src\share\vm\prims\jvm.cpp:1281
Event: 10.629 Thread 0x000000000ce74000 Threw 0x00000007d7128de0 at C:\re\jdk7u75\1940\hotspot\src\share\vm\prims\jvm.cpp:1281
Event: 10.630 Thread 0x000000000ce74000 Threw 0x00000007d71326e0 at C:\re\jdk7u75\1940\hotspot\src\share\vm\prims\jvm.cpp:1281
Event: 10.632 Thread 0x000000000ce74000 Threw 0x00000007d713b8a8 at C:\re\jdk7u75\1940\hotspot\src\share\vm\prims\jvm.cpp:1281
Event: 10.634 Thread 0x000000000ce74000 Threw 0x00000007d714b288 at C:\re\jdk7u75\1940\hotspot\src\share\vm\prims\jvm.cpp:1281
Event: 10.635 Thread 0x000000000ce74000 Threw 0x00000007d7154478 at C:\re\jdk7u75\1940\hotspot\src\share\vm\prims\jvm.cpp:1281

Events (10 events):
Event: 10.629 loading class 0x000000000d5dc390
Event: 10.629 loading class 0x000000000d5dc390 done
Event: 10.630 loading class 0x000000000d5dc7b0
Event: 10.630 loading class 0x000000000d5dc7b0 done
Event: 10.632 loading class 0x000000000d5dc330
Event: 10.632 loading class 0x000000000d5dc330 done
Event: 10.634 loading class 0x000000000d5ddfe0
Event: 10.634 loading class 0x000000000d5ddfe0 done
Event: 10.635 loading class 0x000000000c7c96c0
Event: 10.635 loading class 0x000000000c7c96c0 done


Dynamic libraries:
0x000000013fa00000 - 0x000000013fa33000 	C:\Program Files\Java\jdk1.7.0_75\bin\javaw.exe
0x00000000779c0000 - 0x0000000077b69000 	C:\Windows\SYSTEM32\ntdll.dll
0x00000000777a0000 - 0x00000000778bf000 	C:\Windows\system32\kernel32.dll
0x000007fefcb10000 - 0x000007fefcb7b000 	C:\Windows\system32\KERNELBASE.dll
0x000007fefe300000 - 0x000007fefe3db000 	C:\Windows\system32\ADVAPI32.dll
0x000007fefd050000 - 0x000007fefd0ef000 	C:\Windows\system32\msvcrt.dll
0x000007fefed00000 - 0x000007fefed1f000 	C:\Windows\SYSTEM32\sechost.dll
0x000007fefe3e0000 - 0x000007fefe50d000 	C:\Windows\system32\RPCRT4.dll
0x00000000778c0000 - 0x00000000779ba000 	C:\Windows\system32\USER32.dll
0x000007fefe7c0000 - 0x000007fefe827000 	C:\Windows\system32\GDI32.dll
0x000007fefec00000 - 0x000007fefec0e000 	C:\Windows\system32\LPK.dll
0x000007fefe830000 - 0x000007fefe8f9000 	C:\Windows\system32\USP10.dll
0x000007fefb210000 - 0x000007fefb404000 	C:\Windows\WinSxS\amd64_microsoft.windows.common-controls_6595b64144ccf1df_6.0.7601.17514_none_fa396087175ac9ac\COMCTL32.dll
0x000007fefe9f0000 - 0x000007fefea61000 	C:\Windows\system32\SHLWAPI.dll
0x000007fefe2d0000 - 0x000007fefe2fe000 	C:\Windows\system32\IMM32.DLL
0x000007fefd0f0000 - 0x000007fefd1f9000 	C:\Windows\system32\MSCTF.dll
0x0000000063a20000 - 0x0000000063af2000 	C:\Program Files\Java\jdk1.7.0_75\jre\bin\msvcr100.dll
0x0000000063240000 - 0x0000000063a14000 	C:\Program Files\Java\jdk1.7.0_75\jre\bin\server\jvm.dll
0x000007fef7420000 - 0x000007fef7429000 	C:\Windows\system32\WSOCK32.dll
0x000007fefec10000 - 0x000007fefec5d000 	C:\Windows\system32\WS2_32.dll
0x000007fefe900000 - 0x000007fefe908000 	C:\Windows\system32\NSI.dll
0x000007fefa2c0000 - 0x000007fefa2fb000 	C:\Windows\system32\WINMM.dll
0x0000000077b90000 - 0x0000000077b97000 	C:\Windows\system32\PSAPI.DLL
0x0000000063230000 - 0x000000006323f000 	C:\Program Files\Java\jdk1.7.0_75\jre\bin\verify.dll
0x0000000063200000 - 0x0000000063228000 	C:\Program Files\Java\jdk1.7.0_75\jre\bin\java.dll
0x00000000631e0000 - 0x00000000631f5000 	C:\Program Files\Java\jdk1.7.0_75\jre\bin\zip.dll
0x00000000631c0000 - 0x00000000631d9000 	C:\Program Files\Java\jdk1.7.0_75\jre\bin\net.dll
0x000007fefbfa0000 - 0x000007fefbff5000 	C:\Windows\system32\mswsock.dll
0x000007fefbf90000 - 0x000007fefbf97000 	C:\Windows\System32\wship6.dll
0x00000000631a0000 - 0x00000000631b1000 	C:\Program Files\Java\jdk1.7.0_75\jre\bin\nio.dll
0x000007fef7630000 - 0x000007fef7755000 	C:\Windows\system32\dbghelp.dll

VM Arguments:
jvm_args: -Dfile.encoding=UTF-8 
java_command: com.etouch.common.TafExecutor
Launcher Type: SUN_STANDARD

Environment Variables:
JAVA_HOME=C:\Program Files\Java\jdk1.7.0_75
PATH=C:\Windows\system32;C:\Windows;C:\Windows\System32\Wbem;C:\Windows\System32\WindowsPowerShell\v1.0\;C:\Program Files\TortoiseSVN\bin;F:\Appium 32bit\android-sdk-windows;F:\Appium 32bit\android-sdk-windows\tools;C:\Program Files\Java\jdk1.7.0_75\bin;F:\Sarvesh\conns\apache-maven-3.3.9\bin;C:\Program Files\Java\jdk1.7.0_75\bin;F:\Sarvesh\conns\apache-maven-3.3.9\bin\;F:\Appium 32bit\android-sdk-windows\sdk\tools\;F:\Appium 32bit\android-sdk-windows\sdk\platform-tools\;C:\Users\asingh\AppData\Roaming\npm\node_modules\json-server-master\bin\index.js data.json;;C:\Jackson\jackson-2.1.0-all.jar;.;C:\Gson\gson-2.3.1.jar;.;F:\YouTube\apache-maven-3.3.9-bin\apache-maven-3.3.9/bin;C:\Program Files\Google\Google Apps Sync\;C:\Program Files\Google\Google Apps Migration\;C:\MailAlert;C:\Program Files (x86)\Skype\Phone\;C:\openssl-0.9.8r-x64_86-win64-rev2;C:\Users\asingh\AppData\Roaming\npm
USERNAME=asingh
OS=Windows_NT
PROCESSOR_IDENTIFIER=Intel64 Family 6 Model 69 Stepping 1, GenuineIntel



---------------  S Y S T E M  ---------------

OS: Windows 7 , 64 bit Build 7601 Service Pack 1

CPU:total 4 (2 cores per cpu, 2 threads per core) family 6 model 69 stepping 1, cmov, cx8, fxsr, mmx, sse, sse2, sse3, ssse3, sse4.1, sse4.2, popcnt, avx, avx2, aes, erms, ht, tsc, tscinvbit

Memory: 4k page, physical 8297216k(4227936k free), swap 16592568k(11641448k free)

vm_info: Java HotSpot(TM) 64-Bit Server VM (24.75-b04) for windows-amd64 JRE (1.7.0_75-b13), built on Dec 18 2014 17:15:01 by "java_re" with unknown MS VC++:1600

time: Thu Jun 22 11:16:24 2017
elapsed time: 10 seconds

