#
# A fatal error has been detected by the Java Runtime Environment:
#
#  Internal Error (os_windows_x86.cpp:143), pid=9008, tid=7632
#  guarantee(result == EXCEPTION_CONTINUE_EXECUTION) failed: Unexpected result from topLevelExceptionFilter
#
# JRE version: Java(TM) SE Runtime Environment (7.0_75-b13) (build 1.7.0_75-b13)
# Java VM: Java HotSpot(TM) 64-Bit Server VM (24.75-b04 mixed mode windows-amd64 compressed oops)
# Failed to write core dump. Minidumps are not enabled by default on client versions of Windows
#
# If you would like to submit a bug report, please visit:
#   http://bugreport.sun.com/bugreport/crash.jsp
#

---------------  T H R E A D  ---------------

Current thread (0x000000000d805800):  JavaThread "TestNG" [_thread_in_Java, id=7632, stack(0x000000000e8c0000,0x000000000e9c0000)]

Stack: [0x000000000e8c0000,0x000000000e9c0000]
[error occurred during error reporting (printing stack bounds), id 0xc0000005]


[error occurred during error reporting (printing native stack), id 0xc0000005]


---------------  P R O C E S S  ---------------

Java Threads: ( => current thread )
=>0x000000000d805800 JavaThread "TestNG" [_thread_in_Java, id=7632, stack(0x000000000e8c0000,0x000000000e9c0000)]
  0x000000000a8d3800 JavaThread "Service Thread" daemon [_thread_blocked, id=8532, stack(0x000000000c6b0000,0x000000000c7b0000)]
  0x000000000a8d3000 JavaThread "C2 CompilerThread1" daemon [_thread_blocked, id=8832, stack(0x000000000c4c0000,0x000000000c5c0000)]
  0x000000000a8cd800 JavaThread "C2 CompilerThread0" daemon [_thread_blocked, id=7444, stack(0x000000000c2e0000,0x000000000c3e0000)]
  0x000000000a8cb800 JavaThread "Attach Listener" daemon [_thread_blocked, id=3608, stack(0x000000000c060000,0x000000000c160000)]
  0x000000000a8c5000 JavaThread "Signal Dispatcher" daemon [_thread_blocked, id=6748, stack(0x000000000be80000,0x000000000bf80000)]
  0x000000000a869800 JavaThread "Finalizer" daemon [_thread_blocked, id=9012, stack(0x000000000bc50000,0x000000000bd50000)]
  0x000000000a868000 JavaThread "Reference Handler" daemon [_thread_blocked, id=8432, stack(0x000000000b930000,0x000000000ba30000)]
  0x000000000231f800 JavaThread "main" [_thread_blocked, id=6324, stack(0x00000000024c0000,0x00000000025c0000)]

Other Threads:
  0x000000000a865000 VMThread [stack: 0x000000000bab0000,0x000000000bbb0000] [id=9036]
  0x000000000c7ec800 WatcherThread [stack: 0x000000000cbc0000,0x000000000ccc0000] [id=4952]

VM state:not at safepoint (normal execution)

VM Mutex/Monitor currently owned by a thread: None

Heap
 PSYoungGen      total 71680K, used 41325K [0x00000007d5c80000, 0x00000007de880000, 0x0000000800000000)
  eden space 66560K, 54% used [0x00000007d5c80000,0x00000007d7fdf840,0x00000007d9d80000)
  from space 5120K, 99% used [0x00000007d9d80000,0x00000007da27bcc0,0x00000007da280000)
  to   space 5120K, 0% used [0x00000007de380000,0x00000007de380000,0x00000007de880000)
 ParOldGen       total 86016K, used 25613K [0x0000000781600000, 0x0000000786a00000, 0x00000007d5c80000)
  object space 86016K, 29% used [0x0000000781600000,0x0000000782f034a0,0x0000000786a00000)
 PSPermGen       total 21504K, used 13107K [0x000000077c400000, 0x000000077d900000, 0x0000000781600000)
  object space 21504K, 60% used [0x000000077c400000,0x000000077d0cce38,0x000000077d900000)

Card table byte_map: [0x00000000055c0000,0x00000000059e0000] byte_map_base: 0x00000000019de000

Polling page: 0x0000000000320000

Code Cache  [0x00000000025c0000, 0x0000000002830000, 0x00000000055c0000)
 total_blobs=682 nmethods=396 adapters=238 free_code_cache=47864Kb largest_free_block=48971712

Compilation events (10 events):
Event: 9.934 Thread 0x000000000a8cd800 nmethod 400 0x00000000026fc950 code [0x00000000026fcac0, 0x00000000026fcc48]
Event: 9.934 Thread 0x000000000a8cd800  401             org.apache.poi.hssf.usermodel.HSSFRow::addCell (135 bytes)
Event: 9.946 Thread 0x000000000a8cd800 nmethod 401 0x00000000026fb490 code [0x00000000026fb5e0, 0x00000000026fb8f8]
Event: 9.946 Thread 0x000000000a8cd800  402             org.apache.poi.hssf.usermodel.HSSFCell::getColumnIndex (13 bytes)
Event: 9.947 Thread 0x000000000a8cd800 nmethod 402 0x00000000026f2ad0 code [0x00000000026f2c20, 0x00000000026f2cb8]
Event: 9.947 Thread 0x000000000a8cd800  403             org.apache.poi.hssf.record.RowRecord::setLastCol (6 bytes)
Event: 9.947 Thread 0x000000000a8cd800 nmethod 403 0x00000000026f7110 code [0x00000000026f7240, 0x00000000026f7298]
Event: 9.947 Thread 0x000000000a8cd800  404             org.apache.poi.hssf.model.RowBlocksReader::<init> (370 bytes)
Event: 9.951 Thread 0x000000000a8d3000 nmethod 394 0x0000000002703a50 code [0x0000000002703ce0, 0x0000000002705080]
Event: 9.952 Thread 0x000000000a8d3000  405             org.apache.poi.hssf.record.aggregates.RowRecordsAggregate::<init> (193 bytes)

GC Heap History (6 events):
Event: 1.049 GC heap before
{Heap before GC invocations=1 (full 0):
 PSYoungGen      total 38400K, used 33280K [0x00000007d5c80000, 0x00000007d8700000, 0x0000000800000000)
  eden space 33280K, 100% used [0x00000007d5c80000,0x00000007d7d00000,0x00000007d7d00000)
  from space 5120K, 0% used [0x00000007d8200000,0x00000007d8200000,0x00000007d8700000)
  to   space 5120K, 0% used [0x00000007d7d00000,0x00000007d7d00000,0x00000007d8200000)
 ParOldGen       total 86016K, used 0K [0x0000000781600000, 0x0000000786a00000, 0x00000007d5c80000)
  object space 86016K, 0% used [0x0000000781600000,0x0000000781600000,0x0000000786a00000)
 PSPermGen       total 21504K, used 3929K [0x000000077c400000, 0x000000077d900000, 0x0000000781600000)
  object space 21504K, 18% used [0x000000077c400000,0x000000077c7d6630,0x000000077d900000)
Event: 1.074 GC heap after
Heap after GC invocations=1 (full 0):
 PSYoungGen      total 38400K, used 5107K [0x00000007d5c80000, 0x00000007da780000, 0x0000000800000000)
  eden space 33280K, 0% used [0x00000007d5c80000,0x00000007d5c80000,0x00000007d7d00000)
  from space 5120K, 99% used [0x00000007d7d00000,0x00000007d81fcda0,0x00000007d8200000)
  to   space 5120K, 0% used [0x00000007da280000,0x00000007da280000,0x00000007da780000)
 ParOldGen       total 86016K, used 6820K [0x0000000781600000, 0x0000000786a00000, 0x00000007d5c80000)
  object space 86016K, 7% used [0x0000000781600000,0x0000000781ca91b8,0x0000000786a00000)
 PSPermGen       total 21504K, used 3929K [0x000000077c400000, 0x000000077d900000, 0x0000000781600000)
  object space 21504K, 18% used [0x000000077c400000,0x000000077c7d6630,0x000000077d900000)
}
Event: 1.563 GC heap before
{Heap before GC invocations=2 (full 0):
 PSYoungGen      total 38400K, used 38387K [0x00000007d5c80000, 0x00000007da780000, 0x0000000800000000)
  eden space 33280K, 100% used [0x00000007d5c80000,0x00000007d7d00000,0x00000007d7d00000)
  from space 5120K, 99% used [0x00000007d7d00000,0x00000007d81fcda0,0x00000007d8200000)
  to   space 5120K, 0% used [0x00000007da280000,0x00000007da280000,0x00000007da780000)
 ParOldGen       total 86016K, used 6820K [0x0000000781600000, 0x0000000786a00000, 0x00000007d5c80000)
  object space 86016K, 7% used [0x0000000781600000,0x0000000781ca91b8,0x0000000786a00000)
 PSPermGen       total 21504K, used 4403K [0x000000077c400000, 0x000000077d900000, 0x0000000781600000)
  object space 21504K, 20% used [0x000000077c400000,0x000000077c84ce68,0x000000077d900000)
Event: 1.582 GC heap after
Heap after GC invocations=2 (full 0):
 PSYoungGen      total 71680K, used 5091K [0x00000007d5c80000, 0x00000007da780000, 0x0000000800000000)
  eden space 66560K, 0% used [0x00000007d5c80000,0x00000007d5c80000,0x00000007d9d80000)
  from space 5120K, 99% used [0x00000007da280000,0x00000007da778d60,0x00000007da780000)
  to   space 5120K, 0% used [0x00000007d9d80000,0x00000007d9d80000,0x00000007da280000)
 ParOldGen       total 86016K, used 16798K [0x0000000781600000, 0x0000000786a00000, 0x00000007d5c80000)
  object space 86016K, 19% used [0x0000000781600000,0x0000000782667be8,0x0000000786a00000)
 PSPermGen       total 21504K, used 4403K [0x000000077c400000, 0x000000077d900000, 0x0000000781600000)
  object space 21504K, 20% used [0x000000077c400000,0x000000077c84ce68,0x000000077d900000)
}
Event: 3.322 GC heap before
{Heap before GC invocations=3 (full 0):
 PSYoungGen      total 71680K, used 71651K [0x00000007d5c80000, 0x00000007da780000, 0x0000000800000000)
  eden space 66560K, 100% used [0x00000007d5c80000,0x00000007d9d80000,0x00000007d9d80000)
  from space 5120K, 99% used [0x00000007da280000,0x00000007da778d60,0x00000007da780000)
  to   space 5120K, 0% used [0x00000007d9d80000,0x00000007d9d80000,0x00000007da280000)
 ParOldGen       total 86016K, used 16798K [0x0000000781600000, 0x0000000786a00000, 0x00000007d5c80000)
  object space 86016K, 19% used [0x0000000781600000,0x0000000782667be8,0x0000000786a00000)
 PSPermGen       total 21504K, used 9824K [0x000000077c400000, 0x000000077d900000, 0x0000000781600000)
  object space 21504K, 45% used [0x000000077c400000,0x000000077cd981e0,0x000000077d900000)
Event: 3.342 GC heap after
Heap after GC invocations=3 (full 0):
 PSYoungGen      total 71680K, used 5103K [0x00000007d5c80000, 0x00000007de880000, 0x0000000800000000)
  eden space 66560K, 0% used [0x00000007d5c80000,0x00000007d5c80000,0x00000007d9d80000)
  from space 5120K, 99% used [0x00000007d9d80000,0x00000007da27bcc0,0x00000007da280000)
  to   space 5120K, 0% used [0x00000007de380000,0x00000007de380000,0x00000007de880000)
 ParOldGen       total 86016K, used 25613K [0x0000000781600000, 0x0000000786a00000, 0x00000007d5c80000)
  object space 86016K, 29% used [0x0000000781600000,0x0000000782f034a0,0x0000000786a00000)
 PSPermGen       total 21504K, used 9824K [0x000000077c400000, 0x000000077d900000, 0x0000000781600000)
  object space 21504K, 45% used [0x000000077c400000,0x000000077cd981e0,0x000000077d900000)
}

Deoptimization events (10 events):
Event: 3.161 Thread 0x000000000231f800 Uncommon trap: reason=class_check action=maybe_recompile pc=0x000000000267912c method=java.lang.String.equals(Ljava/lang/Object;)Z @ 8
Event: 3.192 Thread 0x000000000231f800 Uncommon trap: reason=bimorphic action=maybe_recompile pc=0x00000000026ae8f4 method=java.util.HashMap.put(Ljava/lang/Object;Ljava/lang/Object;)Ljava/lang/Object; @ 83
Event: 3.192 Thread 0x000000000231f800 Uncommon trap: reason=bimorphic action=maybe_recompile pc=0x00000000026ae8f4 method=java.util.HashMap.put(Ljava/lang/Object;Ljava/lang/Object;)Ljava/lang/Object; @ 83
Event: 3.440 Thread 0x000000000231f800 Uncommon trap: reason=class_check action=maybe_recompile pc=0x0000000002641e48 method=java.util.HashMap.put(Ljava/lang/Object;Ljava/lang/Object;)Ljava/lang/Object; @ 83
Event: 3.579 Thread 0x000000000d805800 Uncommon trap: reason=null_check action=make_not_entrant pc=0x0000000002653b30 method=java.lang.StringCoding.deref(Ljava/lang/ThreadLocal;)Ljava/lang/Object; @ 4
Event: 8.764 Thread 0x000000000d805800 Uncommon trap: reason=class_check action=maybe_recompile pc=0x00000000026d47a4 method=java.util.regex.Pattern.compile()V @ 246
Event: 8.802 Thread 0x000000000d805800 Uncommon trap: reason=class_check action=maybe_recompile pc=0x00000000026d47a4 method=java.util.regex.Pattern.compile()V @ 246
Event: 8.803 Thread 0x000000000d805800 Uncommon trap: reason=class_check action=maybe_recompile pc=0x00000000026d47a4 method=java.util.regex.Pattern.compile()V @ 246
Event: 8.803 Thread 0x000000000d805800 Uncommon trap: reason=class_check action=maybe_recompile pc=0x00000000026d47a4 method=java.util.regex.Pattern.compile()V @ 246
Event: 9.180 Thread 0x000000000d805800 Uncommon trap: reason=null_check action=make_not_entrant pc=0x0000000002647818 method=java.lang.StringCoding.deref(Ljava/lang/ThreadLocal;)Ljava/lang/Object; @ 4

Internal exceptions (10 events):
Event: 9.934 Thread 0x000000000d805800 Threw 0x00000007d7d36998 at C:\re\jdk7u75\1940\hotspot\src\share\vm\prims\jvm.cpp:1281
Event: 9.936 Thread 0x000000000d805800 Threw 0x00000007d7d3ac60 at C:\re\jdk7u75\1940\hotspot\src\share\vm\prims\jvm.cpp:1281
Event: 9.938 Thread 0x000000000d805800 Threw 0x00000007d7d3f570 at C:\re\jdk7u75\1940\hotspot\src\share\vm\prims\jvm.cpp:1281
Event: 9.940 Thread 0x000000000d805800 Threw 0x00000007d7d429a0 at C:\re\jdk7u75\1940\hotspot\src\share\vm\prims\jvm.cpp:1281
Event: 9.942 Thread 0x000000000d805800 Threw 0x00000007d7d473d8 at C:\re\jdk7u75\1940\hotspot\src\share\vm\prims\jvm.cpp:1281
Event: 9.943 Thread 0x000000000d805800 Threw 0x00000007d7d49a88 at C:\re\jdk7u75\1940\hotspot\src\share\vm\prims\jvm.cpp:1281
Event: 9.945 Thread 0x000000000d805800 Threw 0x00000007d7d4cd80 at C:\re\jdk7u75\1940\hotspot\src\share\vm\prims\jvm.cpp:1281
Event: 9.947 Thread 0x000000000d805800 Threw 0x00000007d7d50248 at C:\re\jdk7u75\1940\hotspot\src\share\vm\prims\jvm.cpp:1281
Event: 9.949 Thread 0x000000000d805800 Threw 0x00000007d7d54050 at C:\re\jdk7u75\1940\hotspot\src\share\vm\prims\jvm.cpp:1281
Event: 9.952 Thread 0x000000000d805800 Threw 0x00000007d7d58a68 at C:\re\jdk7u75\1940\hotspot\src\share\vm\prims\jvm.cpp:1281

Events (10 events):
Event: 9.943 loading class 0x000000000d81da10
Event: 9.943 loading class 0x000000000d81da10 done
Event: 9.945 loading class 0x000000000d81da50
Event: 9.945 loading class 0x000000000d81da50 done
Event: 9.947 loading class 0x000000000d812a80
Event: 9.947 loading class 0x000000000d812a80 done
Event: 9.949 loading class 0x000000000d81da90
Event: 9.949 loading class 0x000000000d81da90 done
Event: 9.952 loading class 0x000000000d81df10
Event: 9.952 loading class 0x000000000d81df10 done


Dynamic libraries:
0x000000013f4a0000 - 0x000000013f4d3000 	C:\Program Files\Java\jdk1.7.0_75\bin\javaw.exe
0x0000000076e80000 - 0x0000000077029000 	C:\Windows\SYSTEM32\ntdll.dll
0x0000000076c60000 - 0x0000000076d7f000 	C:\Windows\system32\kernel32.dll
0x000007fefbf70000 - 0x000007fefbfdb000 	C:\Windows\system32\KERNELBASE.dll
0x000007fefe100000 - 0x000007fefe1db000 	C:\Windows\system32\ADVAPI32.dll
0x000007fefc4c0000 - 0x000007fefc55f000 	C:\Windows\system32\msvcrt.dll
0x000007fefd590000 - 0x000007fefd5af000 	C:\Windows\SYSTEM32\sechost.dll
0x000007fefdc90000 - 0x000007fefddbd000 	C:\Windows\system32\RPCRT4.dll
0x0000000076d80000 - 0x0000000076e7a000 	C:\Windows\system32\USER32.dll
0x000007fefd8f0000 - 0x000007fefd957000 	C:\Windows\system32\GDI32.dll
0x000007fefe0f0000 - 0x000007fefe0fe000 	C:\Windows\system32\LPK.dll
0x000007fefe020000 - 0x000007fefe0e9000 	C:\Windows\system32\USP10.dll
0x000007fefa530000 - 0x000007fefa724000 	C:\Windows\WinSxS\amd64_microsoft.windows.common-controls_6595b64144ccf1df_6.0.7601.17514_none_fa396087175ac9ac\COMCTL32.dll
0x000007fefd870000 - 0x000007fefd8e1000 	C:\Windows\system32\SHLWAPI.dll
0x000007fefc5c0000 - 0x000007fefc5ee000 	C:\Windows\system32\IMM32.DLL
0x000007fefc040000 - 0x000007fefc149000 	C:\Windows\system32\MSCTF.dll
0x00000000565b0000 - 0x0000000056682000 	C:\Program Files\Java\jdk1.7.0_75\jre\bin\msvcr100.dll
0x0000000055dd0000 - 0x00000000565a4000 	C:\Program Files\Java\jdk1.7.0_75\jre\bin\server\jvm.dll
0x000007fef5fa0000 - 0x000007fef5fa9000 	C:\Windows\system32\WSOCK32.dll
0x000007fefd820000 - 0x000007fefd86d000 	C:\Windows\system32\WS2_32.dll
0x000007fefd960000 - 0x000007fefd968000 	C:\Windows\system32\NSI.dll
0x000007fef9a10000 - 0x000007fef9a4b000 	C:\Windows\system32\WINMM.dll
0x0000000077050000 - 0x0000000077057000 	C:\Windows\system32\PSAPI.DLL
0x000000006a9b0000 - 0x000000006a9bf000 	C:\Program Files\Java\jdk1.7.0_75\jre\bin\verify.dll
0x0000000057a50000 - 0x0000000057a78000 	C:\Program Files\Java\jdk1.7.0_75\jre\bin\java.dll
0x000000005c130000 - 0x000000005c145000 	C:\Program Files\Java\jdk1.7.0_75\jre\bin\zip.dll
0x000000005b2f0000 - 0x000000005b309000 	C:\Program Files\Java\jdk1.7.0_75\jre\bin\net.dll
0x000007fefb460000 - 0x000007fefb4b5000 	C:\Windows\system32\mswsock.dll
0x000007fefb450000 - 0x000007fefb457000 	C:\Windows\System32\wship6.dll
0x00000000579e0000 - 0x00000000579f1000 	C:\Program Files\Java\jdk1.7.0_75\jre\bin\nio.dll

VM Arguments:
jvm_args: -Dfile.encoding=UTF-8 
java_command: com.etouch.common.TafExecutor
Launcher Type: SUN_STANDARD

Environment Variables:
JAVA_HOME=C:\Program Files\Java\jdk1.7.0_75
PATH=C:\Windows\system32;C:\Windows;C:\Windows\System32\Wbem;C:\Windows\System32\WindowsPowerShell\v1.0\;C:\Program Files\TortoiseSVN\bin;F:\Appium 32bit\android-sdk-windows;F:\Appium 32bit\android-sdk-windows\tools;C:\Program Files\Java\jdk1.7.0_75\bin;F:\Sarvesh\conns\apache-maven-3.3.9\bin;C:\Program Files\Java\jdk1.7.0_75\bin;F:\Sarvesh\conns\apache-maven-3.3.9\bin\;F:\Appium 32bit\android-sdk-windows\sdk\tools\;F:\Appium 32bit\android-sdk-windows\sdk\platform-tools\;C:\Users\asingh\AppData\Roaming\npm\node_modules\json-server-master\bin\index.js data.json;;C:\Jackson\jackson-2.1.0-all.jar;.;C:\Gson\gson-2.3.1.jar;.;F:\YouTube\apache-maven-3.3.9-bin\apache-maven-3.3.9/bin;C:\Program Files\Google\Google Apps Sync\;C:\Program Files\Google\Google Apps Migration\;C:\MailAlert;C:\Program Files (x86)\Skype\Phone\;C:\openssl-0.9.8r-x64_86-win64-rev2;C:\Users\asingh\AppData\Roaming\npm
USERNAME=asingh
OS=Windows_NT
PROCESSOR_IDENTIFIER=Intel64 Family 6 Model 69 Stepping 1, GenuineIntel



---------------  S Y S T E M  ---------------

OS: Windows 7 , 64 bit Build 7601 Service Pack 1

CPU:total 4 (2 cores per cpu, 2 threads per core) family 6 model 69 stepping 1, cmov, cx8, fxsr, mmx, sse, sse2, sse3, ssse3, sse4.1, sse4.2, popcnt, avx, avx2, aes, erms, ht, tsc, tscinvbit

Memory: 4k page, physical 8297216k(2830048k free), swap 16592568k(10288808k free)

vm_info: Java HotSpot(TM) 64-Bit Server VM (24.75-b04) for windows-amd64 JRE (1.7.0_75-b13), built on Dec 18 2014 17:15:01 by "java_re" with unknown MS VC++:1600

time: Thu Aug 31 16:44:42 2017
elapsed time: 10 seconds

