#
# A fatal error has been detected by the Java Runtime Environment:
#
#  EXCEPTION_ACCESS_VIOLATION (0xc0000005) at pc=0x0000000076f03f6b, pid=7940, tid=1348
#
# JRE version: Java(TM) SE Runtime Environment (7.0_75-b13) (build 1.7.0_75-b13)
# Java VM: Java HotSpot(TM) 64-Bit Server VM (24.75-b04 mixed mode windows-amd64 compressed oops)
# Problematic frame:
# C  [ntdll.dll+0x53f6b]
#
# Failed to write core dump. Minidumps are not enabled by default on client versions of Windows
#
# If you would like to submit a bug report, please visit:
#   http://bugreport.sun.com/bugreport/crash.jsp
# The crash happened outside the Java Virtual Machine in native code.
# See problematic frame for where to report the bug.
#

---------------  T H R E A D  ---------------

Current thread (0x000000000d417000):  JavaThread "TestNG" [_thread_in_native, id=1348, stack(0x000000000e630000,0x000000000e730000)]

siginfo: ExceptionCode=0xc0000005, writing address 0x000000003ffffff8

Registers:
RAX=0x0000000078d2176c, RBX=0x0000000002390000, RCX=0x0000000002390208, RDX=0x0000000000000001
RSP=0x000000000e72b020, RBP=0x0000000000000000, RSI=0x0000000000000000, RDI=0x000000003ffffff0
R8 =0x0000000000000de6, R9 =0x0000000000000df0, R10=0x0000000002583124, R11=0x000000005a913aa0
R12=0x0000000000000004, R13=0x00000000000000df, R14=0x0000000000000002, R15=0x0000000076fc5401
RIP=0x0000000076f03f6b, EFLAGS=0x0000000000010206

Top of Stack: (sp=0x000000000e72b020)
0x000000000e72b020:   0000000000000000 0000000000000000
0x000000000e72b030:   0000000000000000 0000000000000000
0x000000000e72b040:   0000000000000000 0000000000000000
0x000000000e72b050:   0000000100000001 0000000076fc5401
0x000000000e72b060:   0000000000000000 000000000e72b1b8
0x000000000e72b070:   000000003ffffff0 0000000000000000
0x000000000e72b080:   000000000d417000 0000000002570567
0x000000000e72b090:   000000000e72b258 000000005a8ff1ae
0x000000000e72b0a0:   000000000221bf10 000000005a907622
0x000000000e72b0b0:   000000000d417000 0000000000000000
0x000000000e72b0c0:   0000000002580840 000000000e72b278
0x000000000e72b0d0:   0000000000000000 000000005a901405
0x000000000e72b0e0:   000000000d417000 000000000d4129c0
0x000000000e72b0f0:   000000000e72b2d9 00000000da0bb350
0x000000000e72b100:   0000000000000000 000000005a7adcd6
0x000000000e72b110:   000000000221bf10 000000000221bf10 

Instructions: (pc=0x0000000076f03f6b)
0x0000000076f03f4b:   48 85 ff 0f 84 9f f6 ff ff eb 00 48 83 c7 f0 48
0x0000000076f03f5b:   89 7c 24 50 83 7b 7c 00 74 1c 8b 83 88 00 00 00
0x0000000076f03f6b:   31 47 08 0f b6 47 0a 32 47 09 32 47 08 38 47 0b
0x0000000076f03f7b:   0f 85 24 ba 00 00 48 8d 57 10 4c 8b 1a 48 8b 77 


Register to memory mapping:

RAX=0x0000000078d2176c is an unknown value
RBX=0x0000000002390000 is an unknown value
RCX=0x0000000002390208 is an unknown value
RDX=0x0000000000000001 is an unknown value
RSP=0x000000000e72b020 is pointing into the stack for thread: 0x000000000d417000
RBP=0x0000000000000000 is an unknown value
RSI=0x0000000000000000 is an unknown value
RDI=0x000000003ffffff0 is an unknown value
R8 =0x0000000000000de6 is an unknown value
R9 =0x0000000000000df0 is an unknown value
R10=0x0000000002583124 is at code_begin+644 in an Interpreter codelet
method entry point (kind = native)  [0x0000000002582ea0, 0x0000000002583740]  2208 bytes
R11=0x000000005a913aa0 is an unknown value
R12=0x0000000000000004 is an unknown value
R13=0x00000000000000df is an unknown value
R14=0x0000000000000002 is an unknown value
R15=0x0000000076fc5401 is an unknown value


Stack: [0x000000000e630000,0x000000000e730000],  sp=0x000000000e72b020,  free space=1004k
Native frames: (J=compiled Java code, j=interpreted, Vv=VM code, C=native code)
C  [ntdll.dll+0x53f6b]

[error occurred during error reporting (printing native stack), id 0xc0000005]

Java frames: (J=compiled Java code, j=interpreted, Vv=VM code)
j  java.lang.ClassLoader.defineClass1(Ljava/lang/String;[BIILjava/security/ProtectionDomain;Ljava/lang/String;)Ljava/lang/Class;+0
j  java.lang.ClassLoader.defineClass(Ljava/lang/String;[BIILjava/security/ProtectionDomain;)Ljava/lang/Class;+30
j  java.security.SecureClassLoader.defineClass(Ljava/lang/String;[BIILjava/security/CodeSource;)Ljava/lang/Class;+12
j  java.net.URLClassLoader.defineClass(Ljava/lang/String;Lsun/misc/Resource;)Ljava/lang/Class;+220
j  java.net.URLClassLoader.access$100(Ljava/net/URLClassLoader;Ljava/lang/String;Lsun/misc/Resource;)Ljava/lang/Class;+3
j  java.net.URLClassLoader$1.run()Ljava/lang/Class;+43
j  java.net.URLClassLoader$1.run()Ljava/lang/Object;+1
v  ~StubRoutines::call_stub
j  java.security.AccessController.doPrivileged(Ljava/security/PrivilegedExceptionAction;Ljava/security/AccessControlContext;)Ljava/lang/Object;+0
j  java.net.URLClassLoader.findClass(Ljava/lang/String;)Ljava/lang/Class;+13
j  java.lang.ClassLoader.loadClass(Ljava/lang/String;Z)Ljava/lang/Class;+70
j  sun.misc.Launcher$AppClassLoader.loadClass(Ljava/lang/String;Z)Ljava/lang/Class;+36
j  java.lang.ClassLoader.loadClass(Ljava/lang/String;)Ljava/lang/Class;+3
v  ~StubRoutines::call_stub
j  org.apache.poi.hssf.record.RecordFactory.<clinit>()V+21
v  ~StubRoutines::call_stub
j  org.apache.poi.hssf.usermodel.HSSFWorkbook.<init>(Lorg/apache/poi/poifs/filesystem/DirectoryNode;Z)V+89
j  org.apache.poi.hssf.usermodel.HSSFWorkbook.<init>(Lorg/apache/poi/poifs/filesystem/DirectoryNode;Lorg/apache/poi/poifs/filesystem/POIFSFileSystem;Z)V+3
j  org.apache.poi.hssf.usermodel.HSSFWorkbook.<init>(Lorg/apache/poi/poifs/filesystem/POIFSFileSystem;Z)V+7
j  org.apache.poi.hssf.usermodel.HSSFWorkbook.<init>(Ljava/io/InputStream;Z)V+10
j  org.apache.poi.hssf.usermodel.HSSFWorkbook.<init>(Ljava/io/InputStream;)V+3
j  com.etouch.taf.util.ExcelUtil.readExcelData(Ljava/lang/String;Ljava/lang/String;Ljava/lang/String;)[[Ljava/lang/String;+20
j  com.etouch.connsTests.Conns_Account_And_SignIn_Page.setUp(Lorg/testng/ITestContext;)V+236
v  ~StubRoutines::call_stub
j  sun.reflect.NativeMethodAccessorImpl.invoke0(Ljava/lang/reflect/Method;Ljava/lang/Object;[Ljava/lang/Object;)Ljava/lang/Object;+0
j  sun.reflect.NativeMethodAccessorImpl.invoke(Ljava/lang/Object;[Ljava/lang/Object;)Ljava/lang/Object;+87
j  sun.reflect.DelegatingMethodAccessorImpl.invoke(Ljava/lang/Object;[Ljava/lang/Object;)Ljava/lang/Object;+6
j  java.lang.reflect.Method.invoke(Ljava/lang/Object;[Ljava/lang/Object;)Ljava/lang/Object;+57
j  org.testng.internal.MethodInvocationHelper.invokeMethod(Ljava/lang/reflect/Method;Ljava/lang/Object;[Ljava/lang/Object;)Ljava/lang/Object;+242
j  org.testng.internal.Invoker.invokeConfigurationMethod([Ljava/lang/Object;Lorg/testng/ITestNGMethod;[Ljava/lang/Object;ZZLorg/testng/ITestResult;)V+213
j  org.testng.internal.Invoker.invokeConfigurations(Lorg/testng/IClass;Lorg/testng/ITestNGMethod;[Lorg/testng/ITestNGMethod;Lorg/testng/xml/XmlSuite;Ljava/util/Map;[Ljava/lang/Object;Ljava/lang/Object;Lorg/testng/ITestResult;)V+340
j  org.testng.internal.Invoker.invokeConfigurations(Lorg/testng/IClass;[Lorg/testng/ITestNGMethod;Lorg/testng/xml/XmlSuite;Ljava/util/Map;[Ljava/lang/Object;Ljava/lang/Object;)V+12
j  org.testng.internal.TestMethodWorker.invokeBeforeClassMethods(Lorg/testng/ITestClass;Lorg/testng/IMethodInstance;)V+165
j  org.testng.internal.TestMethodWorker.run()V+43
j  org.testng.TestRunner.privateRun(Lorg/testng/xml/XmlTest;)V+356
j  org.testng.TestRunner.run()V+26
j  org.testng.SuiteRunner.runTest(Lorg/testng/TestRunner;)V+1
j  org.testng.SuiteRunner.access$000(Lorg/testng/SuiteRunner;Lorg/testng/TestRunner;)V+2
j  org.testng.SuiteRunner$SuiteWorker.run()V+47
j  org.testng.internal.thread.ThreadUtil$2.call()Ljava/lang/Object;+4
j  java.util.concurrent.FutureTask.run()V+42
j  java.util.concurrent.ThreadPoolExecutor.runWorker(Ljava/util/concurrent/ThreadPoolExecutor$Worker;)V+95
j  java.util.concurrent.ThreadPoolExecutor$Worker.run()V+5
j  java.lang.Thread.run()V+11
v  ~StubRoutines::call_stub

---------------  P R O C E S S  ---------------

Java Threads: ( => current thread )
=>0x000000000d417000 JavaThread "TestNG" [_thread_in_native, id=1348, stack(0x000000000e630000,0x000000000e730000)]
  0x000000000ac5c000 JavaThread "Service Thread" daemon [_thread_blocked, id=8008, stack(0x000000000c9b0000,0x000000000cab0000)]
  0x000000000ac51000 JavaThread "C2 CompilerThread1" daemon [_thread_blocked, id=4448, stack(0x000000000c860000,0x000000000c960000)]
  0x000000000ac4d800 JavaThread "C2 CompilerThread0" daemon [_thread_blocked, id=4192, stack(0x000000000c6f0000,0x000000000c7f0000)]
  0x000000000ac47800 JavaThread "Attach Listener" daemon [_thread_blocked, id=6336, stack(0x000000000c150000,0x000000000c250000)]
  0x000000000ac40800 JavaThread "Signal Dispatcher" daemon [_thread_blocked, id=3436, stack(0x000000000bfc0000,0x000000000c0c0000)]
  0x000000000abec000 JavaThread "Finalizer" daemon [_thread_blocked, id=7588, stack(0x000000000bda0000,0x000000000bea0000)]
  0x000000000abe5000 JavaThread "Reference Handler" daemon [_thread_blocked, id=8180, stack(0x000000000bc70000,0x000000000bd70000)]
  0x000000000239f800 JavaThread "main" [_thread_blocked, id=6884, stack(0x0000000002470000,0x0000000002570000)]

Other Threads:
  0x000000000abe1000 VMThread [stack: 0x000000000ba70000,0x000000000bb70000] [id=4948]
  0x000000000ac5f000 WatcherThread [stack: 0x000000000b970000,0x000000000ba70000] [id=7428]

VM state:not at safepoint (normal execution)

VM Mutex/Monitor currently owned by a thread: None

Heap
 PSYoungGen      total 71680K, used 19091K [0x00000007d5c80000, 0x00000007de880000, 0x0000000800000000)
  eden space 66560K, 21% used [0x00000007d5c80000,0x00000007d6a2a940,0x00000007d9d80000)
  from space 5120K, 99% used [0x00000007d9d80000,0x00000007da27a4f8,0x00000007da280000)
  to   space 5120K, 0% used [0x00000007de380000,0x00000007de380000,0x00000007de880000)
 ParOldGen       total 86016K, used 22605K [0x0000000781600000, 0x0000000786a00000, 0x00000007d5c80000)
  object space 86016K, 26% used [0x0000000781600000,0x0000000782c13438,0x0000000786a00000)
 PSPermGen       total 21504K, used 11020K [0x000000077c400000, 0x000000077d900000, 0x0000000781600000)
  object space 21504K, 51% used [0x000000077c400000,0x000000077cec3108,0x000000077d900000)

Card table byte_map: [0x0000000005570000,0x0000000005990000] byte_map_base: 0x000000000198e000

Polling page: 0x00000000001b0000

Code Cache  [0x0000000002570000, 0x00000000027e0000, 0x0000000005570000)
 total_blobs=530 nmethods=248 adapters=234 free_code_cache=48171Kb largest_free_block=49281152

Compilation events (10 events):
Event: 9.882 Thread 0x000000000ac4d800  264             java.util.zip.ZipCoder::encoder (35 bytes)
Event: 9.882 Thread 0x000000000ac51000  265             java.nio.charset.CharsetEncoder::reset (11 bytes)
Event: 9.883 Thread 0x000000000ac51000 nmethod 265 0x0000000002601a50 code [0x0000000002601b80, 0x0000000002601bd8]
Event: 9.883 Thread 0x000000000ac51000  266             java.nio.charset.CharsetEncoder::implReset (1 bytes)
Event: 9.883 Thread 0x000000000ac51000 nmethod 266 0x00000000025e2150 code [0x00000000025e2280, 0x00000000025e22d8]
Event: 9.883 Thread 0x000000000ac51000  267             java.nio.charset.CharsetEncoder::maxBytesPerChar (5 bytes)
Event: 9.884 Thread 0x000000000ac51000 nmethod 267 0x00000000025e1f50 code [0x00000000025e2080, 0x00000000025e20d8]
Event: 9.885 Thread 0x000000000ac4d800 nmethod 264 0x00000000025f2f90 code [0x00000000025f3100, 0x00000000025f3268]
Event: 10.088 Thread 0x000000000ac51000  268             java.lang.StringBuilder::<init> (7 bytes)
Event: 10.091 Thread 0x000000000ac51000 nmethod 268 0x000000000266c350 code [0x000000000266c4a0, 0x000000000266c598]

GC Heap History (6 events):
Event: 1.309 GC heap before
{Heap before GC invocations=1 (full 0):
 PSYoungGen      total 38400K, used 33280K [0x00000007d5c80000, 0x00000007d8700000, 0x0000000800000000)
  eden space 33280K, 100% used [0x00000007d5c80000,0x00000007d7d00000,0x00000007d7d00000)
  from space 5120K, 0% used [0x00000007d8200000,0x00000007d8200000,0x00000007d8700000)
  to   space 5120K, 0% used [0x00000007d7d00000,0x00000007d7d00000,0x00000007d8200000)
 ParOldGen       total 86016K, used 0K [0x0000000781600000, 0x0000000786a00000, 0x00000007d5c80000)
  object space 86016K, 0% used [0x0000000781600000,0x0000000781600000,0x0000000786a00000)
 PSPermGen       total 21504K, used 3927K [0x000000077c400000, 0x000000077d900000, 0x0000000781600000)
  object space 21504K, 18% used [0x000000077c400000,0x000000077c7d5e20,0x000000077d900000)
Event: 1.342 GC heap after
Heap after GC invocations=1 (full 0):
 PSYoungGen      total 38400K, used 5097K [0x00000007d5c80000, 0x00000007da780000, 0x0000000800000000)
  eden space 33280K, 0% used [0x00000007d5c80000,0x00000007d5c80000,0x00000007d7d00000)
  from space 5120K, 99% used [0x00000007d7d00000,0x00000007d81fa558,0x00000007d8200000)
  to   space 5120K, 0% used [0x00000007da280000,0x00000007da280000,0x00000007da780000)
 ParOldGen       total 86016K, used 7556K [0x0000000781600000, 0x0000000786a00000, 0x00000007d5c80000)
  object space 86016K, 8% used [0x0000000781600000,0x0000000781d611b8,0x0000000786a00000)
 PSPermGen       total 21504K, used 3927K [0x000000077c400000, 0x000000077d900000, 0x0000000781600000)
  object space 21504K, 18% used [0x000000077c400000,0x000000077c7d5e20,0x000000077d900000)
}
Event: 2.109 GC heap before
{Heap before GC invocations=2 (full 0):
 PSYoungGen      total 38400K, used 38377K [0x00000007d5c80000, 0x00000007da780000, 0x0000000800000000)
  eden space 33280K, 100% used [0x00000007d5c80000,0x00000007d7d00000,0x00000007d7d00000)
  from space 5120K, 99% used [0x00000007d7d00000,0x00000007d81fa558,0x00000007d8200000)
  to   space 5120K, 0% used [0x00000007da280000,0x00000007da280000,0x00000007da780000)
 ParOldGen       total 86016K, used 7556K [0x0000000781600000, 0x0000000786a00000, 0x00000007d5c80000)
  object space 86016K, 8% used [0x0000000781600000,0x0000000781d611b8,0x0000000786a00000)
 PSPermGen       total 21504K, used 4401K [0x000000077c400000, 0x000000077d900000, 0x0000000781600000)
  object space 21504K, 20% used [0x000000077c400000,0x000000077c84c678,0x000000077d900000)
Event: 2.138 GC heap after
Heap after GC invocations=2 (full 0):
 PSYoungGen      total 71680K, used 5107K [0x00000007d5c80000, 0x00000007da780000, 0x0000000800000000)
  eden space 66560K, 0% used [0x00000007d5c80000,0x00000007d5c80000,0x00000007d9d80000)
  from space 5120K, 99% used [0x00000007da280000,0x00000007da77cd70,0x00000007da780000)
  to   space 5120K, 0% used [0x00000007d9d80000,0x00000007d9d80000,0x00000007da280000)
 ParOldGen       total 86016K, used 15952K [0x0000000781600000, 0x0000000786a00000, 0x00000007d5c80000)
  object space 86016K, 18% used [0x0000000781600000,0x00000007825943e0,0x0000000786a00000)
 PSPermGen       total 21504K, used 4401K [0x000000077c400000, 0x000000077d900000, 0x0000000781600000)
  object space 21504K, 20% used [0x000000077c400000,0x000000077c84c678,0x000000077d900000)
}
Event: 4.582 GC heap before
{Heap before GC invocations=3 (full 0):
 PSYoungGen      total 71680K, used 71667K [0x00000007d5c80000, 0x00000007da780000, 0x0000000800000000)
  eden space 66560K, 100% used [0x00000007d5c80000,0x00000007d9d80000,0x00000007d9d80000)
  from space 5120K, 99% used [0x00000007da280000,0x00000007da77cd70,0x00000007da780000)
  to   space 5120K, 0% used [0x00000007d9d80000,0x00000007d9d80000,0x00000007da280000)
 ParOldGen       total 86016K, used 15952K [0x0000000781600000, 0x0000000786a00000, 0x00000007d5c80000)
  object space 86016K, 18% used [0x0000000781600000,0x00000007825943e0,0x0000000786a00000)
 PSPermGen       total 21504K, used 9741K [0x000000077c400000, 0x000000077d900000, 0x0000000781600000)
  object space 21504K, 45% used [0x000000077c400000,0x000000077cd83720,0x000000077d900000)
Event: 4.608 GC heap after
Heap after GC invocations=3 (full 0):
 PSYoungGen      total 71680K, used 5097K [0x00000007d5c80000, 0x00000007de880000, 0x0000000800000000)
  eden space 66560K, 0% used [0x00000007d5c80000,0x00000007d5c80000,0x00000007d9d80000)
  from space 5120K, 99% used [0x00000007d9d80000,0x00000007da27a4f8,0x00000007da280000)
  to   space 5120K, 0% used [0x00000007de380000,0x00000007de380000,0x00000007de880000)
 ParOldGen       total 86016K, used 22605K [0x0000000781600000, 0x0000000786a00000, 0x00000007d5c80000)
  object space 86016K, 26% used [0x0000000781600000,0x0000000782c13438,0x0000000786a00000)
 PSPermGen       total 21504K, used 9741K [0x000000077c400000, 0x000000077d900000, 0x0000000781600000)
  object space 21504K, 45% used [0x000000077c400000,0x000000077cd83720,0x000000077d900000)
}

Deoptimization events (10 events):
Event: 3.564 Thread 0x000000000239f800 Uncommon trap: reason=class_check action=maybe_recompile pc=0x0000000002622740 method=java.util.HashMap.putAllForCreate(Ljava/util/Map;)V @ 1
Event: 3.593 Thread 0x000000000239f800 Uncommon trap: reason=unreached action=reinterpret pc=0x00000000025ebe6c method=java.util.HashMap.getEntry(Ljava/lang/Object;)Ljava/util/HashMap$Entry; @ 10
Event: 4.345 Thread 0x000000000239f800 Uncommon trap: reason=class_check action=maybe_recompile pc=0x0000000002622740 method=java.util.HashMap.putAllForCreate(Ljava/util/Map;)V @ 1
Event: 4.357 Thread 0x000000000239f800 Uncommon trap: reason=class_check action=maybe_recompile pc=0x0000000002636e48 method=java.lang.String.equals(Ljava/lang/Object;)Z @ 8
Event: 4.357 Thread 0x000000000239f800 Uncommon trap: reason=class_check action=maybe_recompile pc=0x0000000002636e48 method=java.lang.String.equals(Ljava/lang/Object;)Z @ 8
Event: 4.392 Thread 0x000000000239f800 Uncommon trap: reason=class_check action=maybe_recompile pc=0x0000000002636e48 method=java.lang.String.equals(Ljava/lang/Object;)Z @ 8
Event: 4.392 Thread 0x000000000239f800 Uncommon trap: reason=class_check action=maybe_recompile pc=0x0000000002636e48 method=java.lang.String.equals(Ljava/lang/Object;)Z @ 8
Event: 4.655 Thread 0x000000000239f800 Uncommon trap: reason=class_check action=maybe_recompile pc=0x000000000264cf7c method=java.util.regex.Matcher.match(II)Z @ 86
Event: 4.655 Thread 0x000000000239f800 Uncommon trap: reason=class_check action=maybe_recompile pc=0x000000000264cf7c method=java.util.regex.Matcher.match(II)Z @ 86
Event: 4.759 Thread 0x000000000d417000 Uncommon trap: reason=null_check action=make_not_entrant pc=0x0000000002608930 method=java.lang.StringCoding.deref(Ljava/lang/ThreadLocal;)Ljava/lang/Object; @ 4

Internal exceptions (10 events):
Event: 10.165 Thread 0x000000000d417000 Threw 0x00000007d6958290 at C:\re\jdk7u75\1940\hotspot\src\share\vm\prims\jvm.cpp:1281
Event: 10.166 Thread 0x000000000d417000 Threw 0x00000007d695ec30 at C:\re\jdk7u75\1940\hotspot\src\share\vm\prims\jvm.cpp:1281
Event: 10.167 Thread 0x000000000d417000 Threw 0x00000007d6964b18 at C:\re\jdk7u75\1940\hotspot\src\share\vm\prims\jvm.cpp:1281
Event: 10.169 Thread 0x000000000d417000 Threw 0x00000007d696e1e0 at C:\re\jdk7u75\1940\hotspot\src\share\vm\prims\jvm.cpp:1281
Event: 10.170 Thread 0x000000000d417000 Threw 0x00000007d6975230 at C:\re\jdk7u75\1940\hotspot\src\share\vm\prims\jvm.cpp:1281
Event: 10.171 Thread 0x000000000d417000 Threw 0x00000007d697c438 at C:\re\jdk7u75\1940\hotspot\src\share\vm\prims\jvm.cpp:1281
Event: 10.172 Thread 0x000000000d417000 Threw 0x00000007d69834e0 at C:\re\jdk7u75\1940\hotspot\src\share\vm\prims\jvm.cpp:1281
Event: 10.173 Thread 0x000000000d417000 Threw 0x00000007d698aa00 at C:\re\jdk7u75\1940\hotspot\src\share\vm\prims\jvm.cpp:1281
Event: 10.174 Thread 0x000000000d417000 Threw 0x00000007d6991790 at C:\re\jdk7u75\1940\hotspot\src\share\vm\prims\jvm.cpp:1281
Event: 10.176 Thread 0x000000000d417000 Threw 0x00000007d699e508 at C:\re\jdk7u75\1940\hotspot\src\share\vm\prims\jvm.cpp:1281

Events (10 events):
Event: 10.171 loading class 0x000000000d234140
Event: 10.171 loading class 0x000000000d234140 done
Event: 10.172 loading class 0x000000000d235b00
Event: 10.172 loading class 0x000000000d235b00 done
Event: 10.173 loading class 0x000000000d4dad50
Event: 10.173 loading class 0x000000000d4dad50 done
Event: 10.174 loading class 0x000000000d234200
Event: 10.174 loading class 0x000000000d234200 done
Event: 10.176 loading class 0x000000000d234240
Event: 10.176 loading class 0x000000000d234240 done


Dynamic libraries:
0x000000013f300000 - 0x000000013f333000 	C:\Program Files\Java\jdk1.7.0_75\bin\javaw.exe
0x0000000076eb0000 - 0x0000000077059000 	C:\Windows\SYSTEM32\ntdll.dll
0x0000000076c90000 - 0x0000000076daf000 	C:\Windows\system32\kernel32.dll
0x000007fefbcd0000 - 0x000007fefbd3b000 	C:\Windows\system32\KERNELBASE.dll
0x000007fefd8b0000 - 0x000007fefd98b000 	C:\Windows\system32\ADVAPI32.dll
0x000007fefc0f0000 - 0x000007fefc18f000 	C:\Windows\system32\msvcrt.dll
0x000007fefc080000 - 0x000007fefc09f000 	C:\Windows\SYSTEM32\sechost.dll
0x000007fefd110000 - 0x000007fefd23d000 	C:\Windows\system32\RPCRT4.dll
0x0000000076db0000 - 0x0000000076eaa000 	C:\Windows\system32\USER32.dll
0x000007fefd990000 - 0x000007fefd9f7000 	C:\Windows\system32\GDI32.dll
0x000007fefd8a0000 - 0x000007fefd8ae000 	C:\Windows\system32\LPK.dll
0x000007fefd240000 - 0x000007fefd309000 	C:\Windows\system32\USP10.dll
0x000007fefa020000 - 0x000007fefa214000 	C:\Windows\WinSxS\amd64_microsoft.windows.common-controls_6595b64144ccf1df_6.0.7601.17514_none_fa396087175ac9ac\COMCTL32.dll
0x000007fefd310000 - 0x000007fefd381000 	C:\Windows\system32\SHLWAPI.dll
0x000007fefda00000 - 0x000007fefda2e000 	C:\Windows\system32\IMM32.DLL
0x000007fefe020000 - 0x000007fefe129000 	C:\Windows\system32\MSCTF.dll
0x000000006c850000 - 0x000000006c922000 	C:\Program Files\Java\jdk1.7.0_75\jre\bin\msvcr100.dll
0x000000005a730000 - 0x000000005af04000 	C:\Program Files\Java\jdk1.7.0_75\jre\bin\server\jvm.dll
0x000007fef6a00000 - 0x000007fef6a09000 	C:\Windows\system32\WSOCK32.dll
0x000007fefc0a0000 - 0x000007fefc0ed000 	C:\Windows\system32\WS2_32.dll
0x000007fefc070000 - 0x000007fefc078000 	C:\Windows\system32\NSI.dll
0x000007fef9ef0000 - 0x000007fef9f2b000 	C:\Windows\system32\WINMM.dll
0x0000000077070000 - 0x0000000077077000 	C:\Windows\system32\PSAPI.DLL
0x000000006d400000 - 0x000000006d40f000 	C:\Program Files\Java\jdk1.7.0_75\jre\bin\verify.dll
0x000000006cfb0000 - 0x000000006cfd8000 	C:\Program Files\Java\jdk1.7.0_75\jre\bin\java.dll
0x000000006c830000 - 0x000000006c845000 	C:\Program Files\Java\jdk1.7.0_75\jre\bin\zip.dll
0x000000006c810000 - 0x000000006c829000 	C:\Program Files\Java\jdk1.7.0_75\jre\bin\net.dll
0x000007fefb490000 - 0x000007fefb4e5000 	C:\Windows\system32\mswsock.dll
0x000007fefb480000 - 0x000007fefb487000 	C:\Windows\System32\wship6.dll
0x000000006c7f0000 - 0x000000006c801000 	C:\Program Files\Java\jdk1.7.0_75\jre\bin\nio.dll
0x000007fef6bb0000 - 0x000007fef6cd5000 	C:\Windows\system32\dbghelp.dll

VM Arguments:
jvm_args: -Dfile.encoding=UTF-8 
java_command: com.etouch.common.TafExecutor
Launcher Type: SUN_STANDARD

Environment Variables:
JAVA_HOME=C:\Program Files\Java\jdk1.7.0_75
PATH=C:\Windows\system32;C:\Windows;C:\Windows\System32\Wbem;C:\Windows\System32\WindowsPowerShell\v1.0\;C:\Program Files\TortoiseSVN\bin;F:\Appium 32bit\android-sdk-windows;F:\Appium 32bit\android-sdk-windows\tools;C:\Program Files\Java\jdk1.7.0_75\bin;F:\Sarvesh\conns\apache-maven-3.3.9\bin;C:\Program Files\Java\jdk1.7.0_75\bin;F:\Sarvesh\conns\apache-maven-3.3.9\bin\;F:\Appium 32bit\android-sdk-windows\sdk\tools\;F:\Appium 32bit\android-sdk-windows\sdk\platform-tools\;C:\Users\asingh\AppData\Roaming\npm\node_modules\json-server-master\bin\index.js data.json;;C:\Jackson\jackson-2.1.0-all.jar;.;C:\Gson\gson-2.3.1.jar;.;F:\YouTube\apache-maven-3.3.9-bin\apache-maven-3.3.9/bin;C:\Program Files\Google\Google Apps Sync\;C:\Program Files\Google\Google Apps Migration\;C:\MailAlert;C:\Program Files (x86)\Skype\Phone\;C:\openssl-0.9.8r-x64_86-win64-rev2;C:\Users\asingh\AppData\Roaming\npm
USERNAME=asingh
OS=Windows_NT
PROCESSOR_IDENTIFIER=Intel64 Family 6 Model 69 Stepping 1, GenuineIntel



---------------  S Y S T E M  ---------------

OS: Windows 7 , 64 bit Build 7601 Service Pack 1

CPU:total 4 (2 cores per cpu, 2 threads per core) family 6 model 69 stepping 1, cmov, cx8, fxsr, mmx, sse, sse2, sse3, ssse3, sse4.1, sse4.2, popcnt, avx, avx2, aes, erms, ht, tsc, tscinvbit

Memory: 4k page, physical 8297216k(3582164k free), swap 16592568k(11141900k free)

vm_info: Java HotSpot(TM) 64-Bit Server VM (24.75-b04) for windows-amd64 JRE (1.7.0_75-b13), built on Dec 18 2014 17:15:01 by "java_re" with unknown MS VC++:1600

time: Tue Jul 11 16:38:43 2017
elapsed time: 10 seconds

