#
# A fatal error has been detected by the Java Runtime Environment:
#
#  EXCEPTION_ACCESS_VIOLATION (0xc0000005) at pc=0x000000006ca3c6a3, pid=1292, tid=9728
#
# JRE version: Java(TM) SE Runtime Environment (7.0_75-b13) (build 1.7.0_75-b13)
# Java VM: Java HotSpot(TM) 64-Bit Server VM (24.75-b04 mixed mode windows-amd64 compressed oops)
# Problematic frame:
# V  [jvm.dll+0x49c6a3]
#
# Failed to write core dump. Minidumps are not enabled by default on client versions of Windows
#
# If you would like to submit a bug report, please visit:
#   http://bugreport.sun.com/bugreport/crash.jsp
#

---------------  T H R E A D  ---------------

Current thread (0x000000000ac89800):  JavaThread "C2 CompilerThread0" daemon [_thread_in_native, id=9728, stack(0x000000000c360000,0x000000000c460000)]

siginfo: ExceptionCode=0xc0000005, reading address 0x000000004e1dc0b0

Registers:
RAX=0x0000000000000002, RBX=0x000000000e1dc0d8, RCX=0x000000000c45cca0, RDX=0x000000000e1dc050
RSP=0x000000000c45c040, RBP=0x0000000000000266, RSI=0x000000000c45cca0, RDI=0x000000000c45d688
R8 =0xfffffffffffeb3b8, R9 =0x00000000000054ed, R10=0x0000000000007fff, R11=0x0000000000000030
R12=0x000000004e1dc088, R13=0x000000000e1dc0e8, R14=0x0000000000000000, R15=0x0000000000000000
RIP=0x000000006ca3c6a3, EFLAGS=0x0000000000010287

Top of Stack: (sp=0x000000000c45c040)
0x000000000c45c040:   000000000e1dc1b8 000000000000078c
0x000000000c45c050:   000000000c68d4a0 000000006ca5bafd
0x000000000c45c060:   000000000000078d 000000000e1dd598
0x000000000c45c070:   000000000c45cca0 000000006ca3c74b
0x000000000c45c080:   0000000000000266 000000000c45cca0
0x000000000c45c090:   000000000e1dc050 000000006ca3bbd0
0x000000000c45c0a0:   000000000c45d610 000000000c45cca0
0x000000000c45c0b0:   000000000c45d610 000000006ca3b0c9
0x000000000c45c0c0:   0000000000000000 0000000000000000
0x000000000c45c0d0:   000000000000078d 000000000e1dc050
0x000000000c45c0e0:   000000000e1c7408 000000006ca3dd84
0x000000000c45c0f0:   000000000c45cca0 000000000e1dc050
0x000000000c45c100:   000000000e1dc050 0000000000000000
0x000000000c45c110:   000000000e1dd598 000000000c45ed30
0x000000000c45c120:   000000000e1dc050 000000006ca3d6e5
0x000000000c45c130:   0000000000000266 000000000000078d 

Instructions: (pc=0x000000006ca3c6a3)
0x000000006ca3c683:   7c 24 50 4c 89 64 24 20 48 89 74 24 48 48 8d b9
0x000000006ca3c693:   e8 09 00 00 66 0f 1f 84 00 00 00 00 00 4c 8b 23
0x000000006ca3c6a3:   41 8b 4c 24 28 8b c1 c1 e8 05 3b 47 30 72 0f 48
0x000000006ca3c6b3:   8b 47 20 8b d1 48 8d 4f 20 ff 50 18 eb 24 48 8b 


Register to memory mapping:

RAX=0x0000000000000002 is an unknown value
RBX=0x000000000e1dc0d8 is an unknown value
RCX=0x000000000c45cca0 is pointing into the stack for thread: 0x000000000ac89800
RDX=0x000000000e1dc050 is an unknown value
RSP=0x000000000c45c040 is pointing into the stack for thread: 0x000000000ac89800
RBP=0x0000000000000266 is an unknown value
RSI=0x000000000c45cca0 is pointing into the stack for thread: 0x000000000ac89800
RDI=0x000000000c45d688 is pointing into the stack for thread: 0x000000000ac89800
R8 =0xfffffffffffeb3b8 is an unknown value
R9 =0x00000000000054ed is an unknown value
R10=0x0000000000007fff is an unknown value
R11=0x0000000000000030 is an unknown value
R12=0x000000004e1dc088 is an unknown value
R13=0x000000000e1dc0e8 is an unknown value
R14=0x0000000000000000 is an unknown value
R15=0x0000000000000000 is an unknown value


Stack: [0x000000000c360000,0x000000000c460000],  sp=0x000000000c45c040,  free space=1008k
Native frames: (J=compiled Java code, j=interpreted, Vv=VM code, C=native code)
V  [jvm.dll+0x49c6a3]


Current CompileTask:
C2:  10926  398             org.apache.xerces.impl.dtd.models.DFAContentModel::calcFollowList (224 bytes)


---------------  P R O C E S S  ---------------

Java Threads: ( => current thread )
  0x000000000d366000 JavaThread "Exec Stream Pumper" daemon [_thread_in_native, id=9720, stack(0x000000000ed50000,0x000000000ee50000)]
  0x000000000cc7c000 JavaThread "Exec Stream Pumper" daemon [_thread_in_native, id=6704, stack(0x000000000eae0000,0x000000000ebe0000)]
  0x000000000c949800 JavaThread "Exec Default Executor" [_thread_in_native, id=8076, stack(0x000000000c460000,0x000000000c560000)]
  0x000000000cc92000 JavaThread "TestNG" [_thread_blocked, id=4192, stack(0x000000000e8f0000,0x000000000e9f0000)]
  0x000000000ac8c800 JavaThread "Service Thread" daemon [_thread_blocked, id=2192, stack(0x000000000c580000,0x000000000c680000)]
  0x000000000ac8c000 JavaThread "C2 CompilerThread1" daemon [_thread_blocked, id=10680, stack(0x000000000bcd0000,0x000000000bdd0000)]
=>0x000000000ac89800 JavaThread "C2 CompilerThread0" daemon [_thread_in_native, id=9728, stack(0x000000000c360000,0x000000000c460000)]
  0x000000000ac87800 JavaThread "Attach Listener" daemon [_thread_blocked, id=9860, stack(0x000000000c170000,0x000000000c270000)]
  0x000000000ac80800 JavaThread "Signal Dispatcher" daemon [_thread_blocked, id=7036, stack(0x000000000baa0000,0x000000000bba0000)]
  0x000000000ac2c000 JavaThread "Finalizer" daemon [_thread_blocked, id=6632, stack(0x000000000bfc0000,0x000000000c0c0000)]
  0x000000000ac25000 JavaThread "Reference Handler" daemon [_thread_blocked, id=732, stack(0x000000000bdf0000,0x000000000bef0000)]
  0x000000000233f800 JavaThread "main" [_thread_blocked, id=8260, stack(0x00000000024b0000,0x00000000025b0000)]

Other Threads:
  0x000000000ac21000 VMThread [stack: 0x000000000bbd0000,0x000000000bcd0000] [id=11140]
  0x000000000c6bc800 WatcherThread [stack: 0x000000000caf0000,0x000000000cbf0000] [id=6168]

VM state:not at safepoint (normal execution)

VM Mutex/Monitor currently owned by a thread: None

Heap
 PSYoungGen      total 71680K, used 48042K [0x00000007d5c80000, 0x00000007de880000, 0x0000000800000000)
  eden space 66560K, 64% used [0x00000007d5c80000,0x00000007d866ad28,0x00000007d9d80000)
  from space 5120K, 99% used [0x00000007d9d80000,0x00000007da27fca0,0x00000007da280000)
  to   space 5120K, 0% used [0x00000007de380000,0x00000007de380000,0x00000007de880000)
 ParOldGen       total 86016K, used 25554K [0x0000000781600000, 0x0000000786a00000, 0x00000007d5c80000)
  object space 86016K, 29% used [0x0000000781600000,0x0000000782ef4940,0x0000000786a00000)
 PSPermGen       total 21504K, used 13299K [0x000000077c400000, 0x000000077d900000, 0x0000000781600000)
  object space 21504K, 61% used [0x000000077c400000,0x000000077d0fce08,0x000000077d900000)

Card table byte_map: [0x0000000005670000,0x0000000005a90000] byte_map_base: 0x0000000001a8e000

Polling page: 0x0000000000120000

Code Cache  [0x00000000025b0000, 0x0000000002820000, 0x00000000055b0000)
 total_blobs=659 nmethods=373 adapters=238 free_code_cache=47943Kb largest_free_block=49044288

Compilation events (10 events):
Event: 10.554 Thread 0x000000000ac89800  397  s          java.lang.StringBuffer::append (8 bytes)
Event: 10.564 Thread 0x000000000ac89800 nmethod 397 0x0000000002665cd0 code [0x0000000002665e20, 0x00000000026662c8]
Event: 10.577 Thread 0x000000000ac89800  398             org.apache.xerces.impl.dtd.models.DFAContentModel::calcFollowList (224 bytes)
Event: 10.632 Thread 0x000000000ac8c000 nmethod 392 0x000000000266ee90 code [0x000000000266f3c0, 0x0000000002670b00]
Event: 10.632 Thread 0x000000000ac8c000  399             java.nio.DirectLongBufferU::ix (10 bytes)
Event: 10.633 Thread 0x000000000ac8c000 nmethod 399 0x000000000263b6d0 code [0x000000000263b800, 0x000000000263b878]
Event: 10.657 Thread 0x000000000ac8c000  400             java.util.jar.JarFile::getEntry (22 bytes)
Event: 10.722 Thread 0x000000000ac8c000 nmethod 400 0x00000000026e2250 code [0x00000000026e2500, 0x00000000026e35b0]
Event: 10.722 Thread 0x000000000ac8c000  401   !         java.util.zip.ZipFile::getEntry (86 bytes)
Event: 10.777 Thread 0x000000000ac8c000 nmethod 401 0x00000000026e7fd0 code [0x00000000026e8280, 0x00000000026e9230]

GC Heap History (6 events):
Event: 1.139 GC heap before
{Heap before GC invocations=1 (full 0):
 PSYoungGen      total 38400K, used 33280K [0x00000007d5c80000, 0x00000007d8700000, 0x0000000800000000)
  eden space 33280K, 100% used [0x00000007d5c80000,0x00000007d7d00000,0x00000007d7d00000)
  from space 5120K, 0% used [0x00000007d8200000,0x00000007d8200000,0x00000007d8700000)
  to   space 5120K, 0% used [0x00000007d7d00000,0x00000007d7d00000,0x00000007d8200000)
 ParOldGen       total 86016K, used 0K [0x0000000781600000, 0x0000000786a00000, 0x00000007d5c80000)
  object space 86016K, 0% used [0x0000000781600000,0x0000000781600000,0x0000000786a00000)
 PSPermGen       total 21504K, used 3927K [0x000000077c400000, 0x000000077d900000, 0x0000000781600000)
  object space 21504K, 18% used [0x000000077c400000,0x000000077c7d5ee0,0x000000077d900000)
Event: 1.175 GC heap after
Heap after GC invocations=1 (full 0):
 PSYoungGen      total 38400K, used 5107K [0x00000007d5c80000, 0x00000007da780000, 0x0000000800000000)
  eden space 33280K, 0% used [0x00000007d5c80000,0x00000007d5c80000,0x00000007d7d00000)
  from space 5120K, 99% used [0x00000007d7d00000,0x00000007d81fcda0,0x00000007d8200000)
  to   space 5120K, 0% used [0x00000007da280000,0x00000007da280000,0x00000007da780000)
 ParOldGen       total 86016K, used 9040K [0x0000000781600000, 0x0000000786a00000, 0x00000007d5c80000)
  object space 86016K, 10% used [0x0000000781600000,0x0000000781ed4178,0x0000000786a00000)
 PSPermGen       total 21504K, used 3927K [0x000000077c400000, 0x000000077d900000, 0x0000000781600000)
  object space 21504K, 18% used [0x000000077c400000,0x000000077c7d5ee0,0x000000077d900000)
}
Event: 1.811 GC heap before
{Heap before GC invocations=2 (full 0):
 PSYoungGen      total 38400K, used 38387K [0x00000007d5c80000, 0x00000007da780000, 0x0000000800000000)
  eden space 33280K, 100% used [0x00000007d5c80000,0x00000007d7d00000,0x00000007d7d00000)
  from space 5120K, 99% used [0x00000007d7d00000,0x00000007d81fcda0,0x00000007d8200000)
  to   space 5120K, 0% used [0x00000007da280000,0x00000007da280000,0x00000007da780000)
 ParOldGen       total 86016K, used 9040K [0x0000000781600000, 0x0000000786a00000, 0x00000007d5c80000)
  object space 86016K, 10% used [0x0000000781600000,0x0000000781ed4178,0x0000000786a00000)
 PSPermGen       total 21504K, used 4401K [0x000000077c400000, 0x000000077d900000, 0x0000000781600000)
  object space 21504K, 20% used [0x000000077c400000,0x000000077c84c6f8,0x000000077d900000)
Event: 1.837 GC heap after
Heap after GC invocations=2 (full 0):
 PSYoungGen      total 71680K, used 5113K [0x00000007d5c80000, 0x00000007da780000, 0x0000000800000000)
  eden space 66560K, 0% used [0x00000007d5c80000,0x00000007d5c80000,0x00000007d9d80000)
  from space 5120K, 99% used [0x00000007da280000,0x00000007da77e558,0x00000007da780000)
  to   space 5120K, 0% used [0x00000007d9d80000,0x00000007d9d80000,0x00000007da280000)
 ParOldGen       total 86016K, used 18318K [0x0000000781600000, 0x0000000786a00000, 0x00000007d5c80000)
  object space 86016K, 21% used [0x0000000781600000,0x00000007827e3ba8,0x0000000786a00000)
 PSPermGen       total 21504K, used 4401K [0x000000077c400000, 0x000000077d900000, 0x0000000781600000)
  object space 21504K, 20% used [0x000000077c400000,0x000000077c84c6f8,0x000000077d900000)
}
Event: 3.999 GC heap before
{Heap before GC invocations=3 (full 0):
 PSYoungGen      total 71680K, used 71673K [0x00000007d5c80000, 0x00000007da780000, 0x0000000800000000)
  eden space 66560K, 100% used [0x00000007d5c80000,0x00000007d9d80000,0x00000007d9d80000)
  from space 5120K, 99% used [0x00000007da280000,0x00000007da77e558,0x00000007da780000)
  to   space 5120K, 0% used [0x00000007d9d80000,0x00000007d9d80000,0x00000007da280000)
 ParOldGen       total 86016K, used 18318K [0x0000000781600000, 0x0000000786a00000, 0x00000007d5c80000)
  object space 86016K, 21% used [0x0000000781600000,0x00000007827e3ba8,0x0000000786a00000)
 PSPermGen       total 21504K, used 9774K [0x000000077c400000, 0x000000077d900000, 0x0000000781600000)
  object space 21504K, 45% used [0x000000077c400000,0x000000077cd8bb20,0x000000077d900000)
Event: 4.023 GC heap after
Heap after GC invocations=3 (full 0):
 PSYoungGen      total 71680K, used 5119K [0x00000007d5c80000, 0x00000007de880000, 0x0000000800000000)
  eden space 66560K, 0% used [0x00000007d5c80000,0x00000007d5c80000,0x00000007d9d80000)
  from space 5120K, 99% used [0x00000007d9d80000,0x00000007da27fca0,0x00000007da280000)
  to   space 5120K, 0% used [0x00000007de380000,0x00000007de380000,0x00000007de880000)
 ParOldGen       total 86016K, used 25554K [0x0000000781600000, 0x0000000786a00000, 0x00000007d5c80000)
  object space 86016K, 29% used [0x0000000781600000,0x0000000782ef4940,0x0000000786a00000)
 PSPermGen       total 21504K, used 9774K [0x000000077c400000, 0x000000077d900000, 0x0000000781600000)
  object space 21504K, 45% used [0x000000077c400000,0x000000077cd8bb20,0x000000077d900000)
}

Deoptimization events (10 events):
Event: 3.775 Thread 0x000000000233f800 Uncommon trap: reason=class_check action=maybe_recompile pc=0x0000000002678048 method=java.lang.String.equals(Ljava/lang/Object;)Z @ 8
Event: 3.789 Thread 0x000000000233f800 Uncommon trap: reason=class_check action=maybe_recompile pc=0x0000000002678048 method=java.lang.String.equals(Ljava/lang/Object;)Z @ 8
Event: 3.789 Thread 0x000000000233f800 Uncommon trap: reason=class_check action=maybe_recompile pc=0x0000000002678048 method=java.lang.String.equals(Ljava/lang/Object;)Z @ 8
Event: 3.789 Thread 0x000000000233f800 Uncommon trap: reason=class_check action=maybe_recompile pc=0x0000000002678048 method=java.lang.String.equals(Ljava/lang/Object;)Z @ 8
Event: 4.189 Thread 0x000000000233f800 Uncommon trap: reason=class_check action=maybe_recompile pc=0x00000000026b9318 method=java.util.regex.Pattern.compile()V @ 246
Event: 4.189 Thread 0x000000000233f800 Uncommon trap: reason=class_check action=maybe_recompile pc=0x00000000026b9318 method=java.util.regex.Pattern.compile()V @ 246
Event: 4.189 Thread 0x000000000233f800 Uncommon trap: reason=class_check action=maybe_recompile pc=0x00000000026b9318 method=java.util.regex.Pattern.compile()V @ 246
Event: 4.189 Thread 0x000000000233f800 Uncommon trap: reason=class_check action=maybe_recompile pc=0x00000000026b9318 method=java.util.regex.Pattern.compile()V @ 246
Event: 4.229 Thread 0x000000000cc92000 Uncommon trap: reason=null_check action=make_not_entrant pc=0x000000000265aa30 method=java.lang.StringCoding.deref(Ljava/lang/ThreadLocal;)Ljava/lang/Object; @ 4
Event: 9.817 Thread 0x000000000cc92000 Uncommon trap: reason=null_check action=make_not_entrant pc=0x000000000264a0d8 method=java.lang.StringCoding.deref(Ljava/lang/ThreadLocal;)Ljava/lang/Object; @ 4

Internal exceptions (10 events):
Event: 10.699 Thread 0x000000000cc92000 Threw 0x00000007d814c348 at C:\re\jdk7u75\1940\hotspot\src\share\vm\prims\jvm.cpp:1281
Event: 10.702 Thread 0x000000000cc92000 Threw 0x00000007d815f8b0 at C:\re\jdk7u75\1940\hotspot\src\share\vm\prims\jvm.cpp:1281
Event: 10.704 Thread 0x000000000cc92000 Threw 0x00000007d8174dd8 at C:\re\jdk7u75\1940\hotspot\src\share\vm\prims\jvm.cpp:1281
Event: 10.705 Thread 0x000000000cc92000 Threw 0x00000007d8188468 at C:\re\jdk7u75\1940\hotspot\src\share\vm\prims\jvm.cpp:1281
Event: 10.707 Thread 0x000000000cc92000 Threw 0x00000007d819b918 at C:\re\jdk7u75\1940\hotspot\src\share\vm\prims\jvm.cpp:1281
Event: 10.708 Thread 0x000000000cc92000 Threw 0x00000007d81ad3d0 at C:\re\jdk7u75\1940\hotspot\src\share\vm\prims\jvm.cpp:1281
Event: 10.712 Thread 0x000000000cc92000 Threw 0x00000007d81bc070 at C:\re\jdk7u75\1940\hotspot\src\share\vm\prims\jvm.cpp:1281
Event: 10.715 Thread 0x000000000c949800 Threw 0x00000007d82843a8 at C:\re\jdk7u75\1940\hotspot\src\share\vm\prims\jvm.cpp:1281
Event: 10.717 Thread 0x000000000c949800 Threw 0x00000007d8298400 at C:\re\jdk7u75\1940\hotspot\src\share\vm\prims\jvm.cpp:1281
Event: 10.735 Thread 0x000000000c949800 Threw 0x00000007d82b3d78 at C:\re\jdk7u75\1940\hotspot\src\share\vm\prims\jvm.cpp:1281

Events (10 events):
Event: 10.721 loading class 0x000000000c7f8d00 done
Event: 10.721 loading class 0x000000000c7db240 done
Event: 10.733 loading class 0x000000000c7db920
Event: 10.734 loading class 0x000000000c7db920 done
Event: 10.734 loading class 0x000000000c7fb8b0
Event: 10.735 loading class 0x000000000c7fb8b0 done
Event: 10.735 loading class 0x000000000d7c0f00
Event: 10.735 loading class 0x000000000d7c0f00 done
Event: 10.742 Thread 0x000000000cc7c000 Thread added: 0x000000000cc7c000
Event: 10.754 Thread 0x000000000d366000 Thread added: 0x000000000d366000


Dynamic libraries:
0x000000013f490000 - 0x000000013f4c3000 	C:\Program Files\Java\jdk1.7.0_75\bin\javaw.exe
0x00000000777b0000 - 0x0000000077959000 	C:\Windows\SYSTEM32\ntdll.dll
0x0000000077590000 - 0x00000000776af000 	C:\Windows\system32\kernel32.dll
0x000007fefc800000 - 0x000007fefc86b000 	C:\Windows\system32\KERNELBASE.dll
0x000007fefea30000 - 0x000007fefeb0b000 	C:\Windows\system32\ADVAPI32.dll
0x000007fefe430000 - 0x000007fefe4cf000 	C:\Windows\system32\msvcrt.dll
0x000007fefc970000 - 0x000007fefc98f000 	C:\Windows\SYSTEM32\sechost.dll
0x000007fefd7a0000 - 0x000007fefd8cd000 	C:\Windows\system32\RPCRT4.dll
0x00000000776b0000 - 0x00000000777aa000 	C:\Windows\system32\USER32.dll
0x000007fefdbf0000 - 0x000007fefdc57000 	C:\Windows\system32\GDI32.dll
0x000007fefe640000 - 0x000007fefe64e000 	C:\Windows\system32\LPK.dll
0x000007fefe0e0000 - 0x000007fefe1a9000 	C:\Windows\system32\USP10.dll
0x000007fefae60000 - 0x000007fefb054000 	C:\Windows\WinSxS\amd64_microsoft.windows.common-controls_6595b64144ccf1df_6.0.7601.17514_none_fa396087175ac9ac\COMCTL32.dll
0x000007fefe570000 - 0x000007fefe5e1000 	C:\Windows\system32\SHLWAPI.dll
0x000007fefe0b0000 - 0x000007fefe0de000 	C:\Windows\system32\IMM32.DLL
0x000007fefe650000 - 0x000007fefe759000 	C:\Windows\system32\MSCTF.dll
0x000000006cd80000 - 0x000000006ce52000 	C:\Program Files\Java\jdk1.7.0_75\jre\bin\msvcr100.dll
0x000000006c5a0000 - 0x000000006cd74000 	C:\Program Files\Java\jdk1.7.0_75\jre\bin\server\jvm.dll
0x000007fef6d30000 - 0x000007fef6d39000 	C:\Windows\system32\WSOCK32.dll
0x000007fefe5f0000 - 0x000007fefe63d000 	C:\Windows\system32\WS2_32.dll
0x000007fefe000000 - 0x000007fefe008000 	C:\Windows\system32\NSI.dll
0x000007fefa0e0000 - 0x000007fefa11b000 	C:\Windows\system32\WINMM.dll
0x0000000077980000 - 0x0000000077987000 	C:\Windows\system32\PSAPI.DLL
0x000000006df60000 - 0x000000006df6f000 	C:\Program Files\Java\jdk1.7.0_75\jre\bin\verify.dll
0x000000006db70000 - 0x000000006db98000 	C:\Program Files\Java\jdk1.7.0_75\jre\bin\java.dll
0x000000006db50000 - 0x000000006db65000 	C:\Program Files\Java\jdk1.7.0_75\jre\bin\zip.dll
0x000000006db30000 - 0x000000006db49000 	C:\Program Files\Java\jdk1.7.0_75\jre\bin\net.dll
0x000007fefbd40000 - 0x000007fefbd95000 	C:\Windows\system32\mswsock.dll
0x000007fefbe00000 - 0x000007fefbe07000 	C:\Windows\System32\wship6.dll
0x000000006db10000 - 0x000000006db21000 	C:\Program Files\Java\jdk1.7.0_75\jre\bin\nio.dll
0x000007fefc3f0000 - 0x000007fefc447000 	C:\Windows\system32\apphelp.dll
0x000007fef6eb0000 - 0x000007fef6fd5000 	C:\Windows\system32\dbghelp.dll

VM Arguments:
jvm_args: -Dfile.encoding=UTF-8 
java_command: com.etouch.common.TafExecutor
Launcher Type: SUN_STANDARD

Environment Variables:
JAVA_HOME=C:\Program Files\Java\jdk1.7.0_75
PATH=C:\Windows\system32;C:\Windows;C:\Windows\System32\Wbem;C:\Windows\System32\WindowsPowerShell\v1.0\;C:\Program Files\TortoiseSVN\bin;F:\Appium 32bit\android-sdk-windows;F:\Appium 32bit\android-sdk-windows\tools;C:\Program Files\Java\jdk1.7.0_75\bin;F:\Sarvesh\conns\apache-maven-3.3.9\bin;C:\Program Files\Java\jdk1.7.0_75\bin;F:\Sarvesh\conns\apache-maven-3.3.9\bin\;F:\Appium 32bit\android-sdk-windows\sdk\tools\;F:\Appium 32bit\android-sdk-windows\sdk\platform-tools\;C:\Users\asingh\AppData\Roaming\npm\node_modules\json-server-master\bin\index.js data.json;;C:\Jackson\jackson-2.1.0-all.jar;.;C:\Gson\gson-2.3.1.jar;.;F:\YouTube\apache-maven-3.3.9-bin\apache-maven-3.3.9/bin;C:\Program Files\Google\Google Apps Sync\;C:\Program Files\Google\Google Apps Migration\;C:\MailAlert;C:\Program Files (x86)\Skype\Phone\;C:\openssl-0.9.8r-x64_86-win64-rev2;C:\Users\asingh\AppData\Roaming\npm
USERNAME=asingh
OS=Windows_NT
PROCESSOR_IDENTIFIER=Intel64 Family 6 Model 69 Stepping 1, GenuineIntel



---------------  S Y S T E M  ---------------

OS: Windows 7 , 64 bit Build 7601 Service Pack 1

CPU:total 4 (2 cores per cpu, 2 threads per core) family 6 model 69 stepping 1, cmov, cx8, fxsr, mmx, sse, sse2, sse3, ssse3, sse4.1, sse4.2, popcnt, avx, avx2, aes, erms, ht, tsc, tscinvbit

Memory: 4k page, physical 8297216k(1734456k free), swap 16592568k(10393596k free)

vm_info: Java HotSpot(TM) 64-Bit Server VM (24.75-b04) for windows-amd64 JRE (1.7.0_75-b13), built on Dec 18 2014 17:15:01 by "java_re" with unknown MS VC++:1600

time: Wed Aug 09 15:37:52 2017
elapsed time: 10 seconds

