#
# A fatal error has been detected by the Java Runtime Environment:
#
#  EXCEPTION_ACCESS_VIOLATION (0xc0000005) at pc=0x000000005a6b414f, pid=1420, tid=9052
#
# JRE version: Java(TM) SE Runtime Environment (7.0_75-b13) (build 1.7.0_75-b13)
# Java VM: Java HotSpot(TM) 64-Bit Server VM (24.75-b04 mixed mode windows-amd64 compressed oops)
# Problematic frame:
# V  [jvm.dll+0x43414f]
#
# Failed to write core dump. Minidumps are not enabled by default on client versions of Windows
#
# If you would like to submit a bug report, please visit:
#   http://bugreport.sun.com/bugreport/crash.jsp
#

---------------  T H R E A D  ---------------

Current thread (0x000000000ac1f800):  JavaThread "C2 CompilerThread1" daemon [_thread_in_native, id=9052, stack(0x000000000c480000,0x000000000c580000)]

siginfo: ExceptionCode=0xc0000005, reading address 0x000000004d55dd78

Registers:
RAX=0x000000000c57c670, RBX=0x0000000000000005, RCX=0x000000000d68d550, RDX=0x0000000000000001
RSP=0x000000000c57c130, RBP=0x000000000c57c230, RSI=0x0000000002000000, RDI=0x00000000000168f0
R8 =0x000000000d70b1d0, R9 =0x000000004d55dd50, R10=0x0000000000000009, R11=0x000000000c57c100
R12=0x0000000000000003, R13=0x000000000c7e6030, R14=0x000000000ce56060, R15=0x0000000000000000
RIP=0x000000005a6b414f, EFLAGS=0x0000000000010246

Top of Stack: (sp=0x000000000c57c130)
0x000000000c57c130:   000000000d72a570 0000000000000004
0x000000000c57c140:   000000000c57c230 000000000d712828
0x000000000c57c150:   0000000b00000000 0000000a00000004
0x000000000c57c160:   0000033900000000 000000000ce56060
0x000000000c57c170:   000000af00000003 0000000005155455
0x000000000c57c180:   0000000000000000 0000000000000000
0x000000000c57c190:   0000000000000000 0000000000000000
0x000000000c57c1a0:   0000000500000000 0303030300000008
0x000000000c57c1b0:   000000000ced3440 0000000000000005
0x000000000c57c1c0:   000000000c57c280 0000000000000005
0x000000000c57c1d0:   000000000c57c270 0000000000000005
0x000000000c57c1e0:   000000000000009d ffffffff3f3fffff
0x000000000c57c1f0:   ffffffffffffffff 00000003ffffffff
0x000000000c57c200:   0000000000000000 0000000000000000
0x000000000c57c210:   00000000000000af 0000000000000000
0x000000000c57c220:   000000000c7e6030 0000000000000000 

Instructions: (pc=0x000000005a6b414f)
0x000000005a6b412f:   75 79 49 83 7c 38 18 ff 74 71 41 83 7e 20 01 75
0x000000005a6b413f:   6a 49 8b 46 10 4c 8b 08 48 8b 41 48 48 8b 48 50
0x000000005a6b414f:   41 8b 51 28 4c 39 2c d1 75 51 44 8b 54 24 2c 49
0x000000005a6b415f:   8b ce 41 3b da 77 36 48 8b 55 a8 48 c1 e2 03 66 


Register to memory mapping:

RAX=0x000000000c57c670 is pointing into the stack for thread: 0x000000000ac1f800
RBX=0x0000000000000005 is an unknown value
RCX=0x000000000d68d550 is an unknown value
RDX=0x0000000000000001 is an unknown value
RSP=0x000000000c57c130 is pointing into the stack for thread: 0x000000000ac1f800
RBP=0x000000000c57c230 is pointing into the stack for thread: 0x000000000ac1f800
RSI=0x0000000002000000 is an unknown value
RDI=0x00000000000168f0 is an unknown value
R8 =0x000000000d70b1d0 is an unknown value
R9 =0x000000004d55dd50 is an unknown value
R10=0x0000000000000009 is an unknown value
R11=0x000000000c57c100 is pointing into the stack for thread: 0x000000000ac1f800
R12=0x0000000000000003 is an unknown value
R13=0x000000000c7e6030 is an unknown value
R14=0x000000000ce56060 is an unknown value
R15=0x0000000000000000 is an unknown value


Stack: [0x000000000c480000,0x000000000c580000],  sp=0x000000000c57c130,  free space=1008k
Native frames: (J=compiled Java code, j=interpreted, Vv=VM code, C=native code)
V  [jvm.dll+0x43414f]


Current CompileTask:
C2:   3484  171             org.apache.xerces.impl.io.UTF8Reader::read (1385 bytes)


---------------  P R O C E S S  ---------------

Java Threads: ( => current thread )
  0x000000000ac28800 JavaThread "Service Thread" daemon [_thread_blocked, id=9040, stack(0x000000000c5d0000,0x000000000c6d0000)]
=>0x000000000ac1f800 JavaThread "C2 CompilerThread1" daemon [_thread_in_native, id=9052, stack(0x000000000c480000,0x000000000c580000)]
  0x000000000ac1a000 JavaThread "C2 CompilerThread0" daemon [_thread_in_native, id=1460, stack(0x000000000c0f0000,0x000000000c1f0000)]
  0x000000000ac18800 JavaThread "Attach Listener" daemon [_thread_blocked, id=6964, stack(0x000000000c270000,0x000000000c370000)]
  0x000000000ac11800 JavaThread "Signal Dispatcher" daemon [_thread_blocked, id=5264, stack(0x000000000bfc0000,0x000000000c0c0000)]
  0x000000000abbf000 JavaThread "Finalizer" daemon [_thread_blocked, id=8288, stack(0x000000000bd10000,0x000000000be10000)]
  0x000000000abb8000 JavaThread "Reference Handler" daemon [_thread_blocked, id=4612, stack(0x000000000be10000,0x000000000bf10000)]
  0x000000000237f800 JavaThread "main" [_thread_in_Java, id=4568, stack(0x0000000002610000,0x0000000002710000)]

Other Threads:
  0x000000000abb5000 VMThread [stack: 0x000000000bbf0000,0x000000000bcf0000] [id=8556]
  0x000000000c708800 WatcherThread [stack: 0x000000000cae0000,0x000000000cbe0000] [id=7120]

VM state:not at safepoint (normal execution)

VM Mutex/Monitor currently owned by a thread: None

Heap
 PSYoungGen      total 71680K, used 31159K [0x00000007d5c80000, 0x00000007da780000, 0x0000000800000000)
  eden space 66560K, 39% used [0x00000007d5c80000,0x00000007d75f3898,0x00000007d9d80000)
  from space 5120K, 99% used [0x00000007da280000,0x00000007da77a558,0x00000007da780000)
  to   space 5120K, 0% used [0x00000007d9d80000,0x00000007d9d80000,0x00000007da280000)
 ParOldGen       total 86016K, used 17466K [0x0000000781600000, 0x0000000786a00000, 0x00000007d5c80000)
  object space 86016K, 20% used [0x0000000781600000,0x000000078270e8f0,0x0000000786a00000)
 PSPermGen       total 21504K, used 7184K [0x000000077c400000, 0x000000077d900000, 0x0000000781600000)
  object space 21504K, 33% used [0x000000077c400000,0x000000077cb043c8,0x000000077d900000)

Card table byte_map: [0x0000000005710000,0x0000000005b30000] byte_map_base: 0x0000000001b2e000

Polling page: 0x00000000000b0000

Code Cache  [0x0000000002710000, 0x0000000002980000, 0x0000000005710000)
 total_blobs=418 nmethods=170 adapters=200 free_code_cache=48303Kb largest_free_block=49445952

Compilation events (10 events):
Event: 3.010 Thread 0x000000000ac1a000 nmethod 167 0x00000000027cff90 code [0x00000000027d00e0, 0x00000000027d01d8]
Event: 3.010 Thread 0x000000000ac1a000  168 %           java.util.Arrays::fill @ 10 (28 bytes)
Event: 3.011 Thread 0x000000000ac1f800 nmethod 166 0x00000000027cfb50 code [0x00000000027cfca0, 0x00000000027cfe98]
Event: 3.017 Thread 0x000000000ac1a000 nmethod 168% 0x00000000027e3890 code [0x00000000027e39e0, 0x00000000027e3b98]
Event: 3.077 Thread 0x000000000ac1f800  169             java.lang.String::toUpperCase (439 bytes)
Event: 3.142 Thread 0x000000000ac1f800 nmethod 169 0x00000000027e60d0 code [0x00000000027e62e0, 0x00000000027e7440]
Event: 3.170 Thread 0x000000000ac1a000  170             java.lang.String::equals (81 bytes)
Event: 3.182 Thread 0x000000000ac1a000 nmethod 170 0x00000000027d3a10 code [0x00000000027d3b60, 0x00000000027d3db8]
Event: 3.340 Thread 0x000000000ac1f800  171             org.apache.xerces.impl.io.UTF8Reader::read (1385 bytes)
Event: 3.436 Thread 0x000000000ac1a000  172             org.apache.xerces.impl.XMLEntityScanner::scanData (1105 bytes)

GC Heap History (4 events):
Event: 1.306 GC heap before
{Heap before GC invocations=1 (full 0):
 PSYoungGen      total 38400K, used 33280K [0x00000007d5c80000, 0x00000007d8700000, 0x0000000800000000)
  eden space 33280K, 100% used [0x00000007d5c80000,0x00000007d7d00000,0x00000007d7d00000)
  from space 5120K, 0% used [0x00000007d8200000,0x00000007d8200000,0x00000007d8700000)
  to   space 5120K, 0% used [0x00000007d7d00000,0x00000007d7d00000,0x00000007d8200000)
 ParOldGen       total 86016K, used 0K [0x0000000781600000, 0x0000000786a00000, 0x00000007d5c80000)
  object space 86016K, 0% used [0x0000000781600000,0x0000000781600000,0x0000000786a00000)
 PSPermGen       total 21504K, used 3927K [0x000000077c400000, 0x000000077d900000, 0x0000000781600000)
  object space 21504K, 18% used [0x000000077c400000,0x000000077c7d5e40,0x000000077d900000)
Event: 1.346 GC heap after
Heap after GC invocations=1 (full 0):
 PSYoungGen      total 38400K, used 5107K [0x00000007d5c80000, 0x00000007da780000, 0x0000000800000000)
  eden space 33280K, 0% used [0x00000007d5c80000,0x00000007d5c80000,0x00000007d7d00000)
  from space 5120K, 99% used [0x00000007d7d00000,0x00000007d81fcd90,0x00000007d8200000)
  to   space 5120K, 0% used [0x00000007da280000,0x00000007da280000,0x00000007da780000)
 ParOldGen       total 86016K, used 6829K [0x0000000781600000, 0x0000000786a00000, 0x00000007d5c80000)
  object space 86016K, 7% used [0x0000000781600000,0x0000000781cab6c8,0x0000000786a00000)
 PSPermGen       total 21504K, used 3927K [0x000000077c400000, 0x000000077d900000, 0x0000000781600000)
  object space 21504K, 18% used [0x000000077c400000,0x000000077c7d5e40,0x000000077d900000)
}
Event: 2.197 GC heap before
{Heap before GC invocations=2 (full 0):
 PSYoungGen      total 38400K, used 38387K [0x00000007d5c80000, 0x00000007da780000, 0x0000000800000000)
  eden space 33280K, 100% used [0x00000007d5c80000,0x00000007d7d00000,0x00000007d7d00000)
  from space 5120K, 99% used [0x00000007d7d00000,0x00000007d81fcd90,0x00000007d8200000)
  to   space 5120K, 0% used [0x00000007da280000,0x00000007da280000,0x00000007da780000)
 ParOldGen       total 86016K, used 6829K [0x0000000781600000, 0x0000000786a00000, 0x00000007d5c80000)
  object space 86016K, 7% used [0x0000000781600000,0x0000000781cab6c8,0x0000000786a00000)
 PSPermGen       total 21504K, used 4401K [0x000000077c400000, 0x000000077d900000, 0x0000000781600000)
  object space 21504K, 20% used [0x000000077c400000,0x000000077c84c658,0x000000077d900000)
Event: 2.239 GC heap after
Heap after GC invocations=2 (full 0):
 PSYoungGen      total 71680K, used 5097K [0x00000007d5c80000, 0x00000007da780000, 0x0000000800000000)
  eden space 66560K, 0% used [0x00000007d5c80000,0x00000007d5c80000,0x00000007d9d80000)
  from space 5120K, 99% used [0x00000007da280000,0x00000007da77a558,0x00000007da780000)
  to   space 5120K, 0% used [0x00000007d9d80000,0x00000007d9d80000,0x00000007da280000)
 ParOldGen       total 86016K, used 17466K [0x0000000781600000, 0x0000000786a00000, 0x00000007d5c80000)
  object space 86016K, 20% used [0x0000000781600000,0x000000078270e8f0,0x0000000786a00000)
 PSPermGen       total 21504K, used 4401K [0x000000077c400000, 0x000000077d900000, 0x0000000781600000)
  object space 21504K, 20% used [0x000000077c400000,0x000000077c84c658,0x000000077d900000)
}

Deoptimization events (10 events):
Event: 2.480 Thread 0x000000000237f800 Uncommon trap: reason=class_check action=maybe_recompile pc=0x00000000027c4500 method=java.util.HashMap.putAllForCreate(Ljava/util/Map;)V @ 1
Event: 2.525 Thread 0x000000000237f800 Uncommon trap: reason=unreached action=reinterpret pc=0x000000000278bbb0 method=java.lang.AbstractStringBuilder.append(Ljava/lang/String;)Ljava/lang/AbstractStringBuilder; @ 1
Event: 2.970 Thread 0x000000000237f800 Uncommon trap: reason=unreached action=reinterpret pc=0x00000000027c3d5c method=java.util.zip.ZipCoder.encoder()Ljava/nio/charset/CharsetEncoder; @ 4
Event: 3.109 Thread 0x000000000237f800 Uncommon trap: reason=null_check action=make_not_entrant pc=0x0000000002780c30 method=java.lang.String.equals(Ljava/lang/Object;)Z @ 8
Event: 3.149 Thread 0x000000000237f800 Uncommon trap: reason=unreached action=reinterpret pc=0x00000000027e48e4 method=java.util.zip.ZipCoder.encoder()Ljava/nio/charset/CharsetEncoder; @ 4
Event: 3.244 Thread 0x000000000237f800 Uncommon trap: reason=class_check action=maybe_recompile pc=0x00000000027c4500 method=java.util.HashMap.putAllForCreate(Ljava/util/Map;)V @ 1
Event: 3.332 Thread 0x000000000237f800 Uncommon trap: reason=class_check action=maybe_recompile pc=0x00000000027d2498 method=java.util.jar.JarFile.getJarEntry(Ljava/lang/String;)Ljava/util/jar/JarEntry; @ 2
Event: 3.397 Thread 0x000000000237f800 Uncommon trap: reason=class_check action=maybe_recompile pc=0x00000000027d2498 method=java.util.jar.JarFile.getJarEntry(Ljava/lang/String;)Ljava/util/jar/JarEntry; @ 2
Event: 3.425 Thread 0x000000000237f800 Uncommon trap: reason=unreached action=reinterpret pc=0x000000000278b5f0 method=java.lang.AbstractStringBuilder.append(Ljava/lang/String;)Ljava/lang/AbstractStringBuilder; @ 1
Event: 3.429 Thread 0x000000000237f800 Uncommon trap: reason=class_check action=maybe_recompile pc=0x00000000027d2498 method=java.util.jar.JarFile.getJarEntry(Ljava/lang/String;)Ljava/util/jar/JarEntry; @ 2

Internal exceptions (10 events):
Event: 3.371 Thread 0x000000000237f800 Threw 0x00000007d7462738 at C:\re\jdk7u75\1940\hotspot\src\share\vm\prims\jvm.cpp:1281
Event: 3.372 Thread 0x000000000237f800 Threw 0x00000007d746a338 at C:\re\jdk7u75\1940\hotspot\src\share\vm\prims\jvm.cpp:1281
Event: 3.373 Thread 0x000000000237f800 Threw 0x00000007d7472680 at C:\re\jdk7u75\1940\hotspot\src\share\vm\prims\jvm.cpp:1281
Event: 3.384 Thread 0x000000000237f800 Threw 0x00000007d74871c8 at C:\re\jdk7u75\1940\hotspot\src\share\vm\prims\jvm.cpp:1281
Event: 3.387 Thread 0x000000000237f800 Threw 0x00000007d748f398 at C:\re\jdk7u75\1940\hotspot\src\share\vm\prims\jvm.cpp:1281
Event: 3.391 Thread 0x000000000237f800 Threw 0x00000007d7493af8 at C:\re\jdk7u75\1940\hotspot\src\share\vm\prims\jvm.cpp:1281
Event: 3.393 Thread 0x000000000237f800 Threw 0x00000007d7496220 at C:\re\jdk7u75\1940\hotspot\src\share\vm\prims\jvm.cpp:1281
Event: 3.425 Thread 0x000000000237f800 Implicit null exception at 0x000000000278b4d6 to 0x000000000278b5e1
Event: 3.425 Thread 0x000000000237f800 Threw 0x00000007d7502c50 at C:\re\jdk7u75\1940\hotspot\src\share\vm\prims\jvm.cpp:1281
Event: 3.457 Thread 0x000000000237f800 Threw 0x00000007d7575740 at C:\re\jdk7u75\1940\hotspot\src\share\vm\prims\jvm.cpp:1281

Events (10 events):
Event: 3.425 Thread 0x000000000237f800 Uncommon trap: trap_request=0xffffffad fr.pc=0x000000000278b5f0
Event: 3.425 Thread 0x000000000237f800 DEOPT PACKING pc=0x000000000278b5f0 sp=0x000000000270f2d0
Event: 3.425 Thread 0x000000000237f800 DEOPT UNPACKING pc=0x00000000027475a4 sp=0x000000000270f240 mode 2
Event: 3.425 loading class 0x000000000c823660
Event: 3.425 loading class 0x000000000c823660 done
Event: 3.429 Thread 0x000000000237f800 Uncommon trap: trap_request=0xffffffde fr.pc=0x00000000027d2498
Event: 3.429 Thread 0x000000000237f800 DEOPT PACKING pc=0x00000000027d2498 sp=0x000000000270dac0
Event: 3.429 Thread 0x000000000237f800 DEOPT UNPACKING pc=0x00000000027475a4 sp=0x000000000270da60 mode 2
Event: 3.457 loading class 0x000000000ac19d50
Event: 3.457 loading class 0x000000000ac19d50 done


Dynamic libraries:
0x000000013fdb0000 - 0x000000013fde3000 	C:\Program Files\Java\jdk1.7.0_75\bin\javaw.exe
0x0000000076dd0000 - 0x0000000076f79000 	C:\Windows\SYSTEM32\ntdll.dll
0x0000000076bb0000 - 0x0000000076ccf000 	C:\Windows\system32\kernel32.dll
0x000007fefbc00000 - 0x000007fefbc6b000 	C:\Windows\system32\KERNELBASE.dll
0x000007fefd1a0000 - 0x000007fefd27b000 	C:\Windows\system32\ADVAPI32.dll
0x000007fefe090000 - 0x000007fefe12f000 	C:\Windows\system32\msvcrt.dll
0x000007fefc190000 - 0x000007fefc1af000 	C:\Windows\SYSTEM32\sechost.dll
0x000007fefc1b0000 - 0x000007fefc2dd000 	C:\Windows\system32\RPCRT4.dll
0x0000000076cd0000 - 0x0000000076dca000 	C:\Windows\system32\USER32.dll
0x000007fefd280000 - 0x000007fefd2e7000 	C:\Windows\system32\GDI32.dll
0x000007fefd2f0000 - 0x000007fefd2fe000 	C:\Windows\system32\LPK.dll
0x000007fefbf90000 - 0x000007fefc059000 	C:\Windows\system32\USP10.dll
0x000007fef9e70000 - 0x000007fefa064000 	C:\Windows\WinSxS\amd64_microsoft.windows.common-controls_6595b64144ccf1df_6.0.7601.17514_none_fa396087175ac9ac\COMCTL32.dll
0x000007fefcd60000 - 0x000007fefcdd1000 	C:\Windows\system32\SHLWAPI.dll
0x000007fefcad0000 - 0x000007fefcafe000 	C:\Windows\system32\IMM32.DLL
0x000007fefcde0000 - 0x000007fefcee9000 	C:\Windows\system32\MSCTF.dll
0x0000000069120000 - 0x00000000691f2000 	C:\Program Files\Java\jdk1.7.0_75\jre\bin\msvcr100.dll
0x000000005a280000 - 0x000000005aa54000 	C:\Program Files\Java\jdk1.7.0_75\jre\bin\server\jvm.dll
0x000007fef6b50000 - 0x000007fef6b59000 	C:\Windows\system32\WSOCK32.dll
0x000007fefc060000 - 0x000007fefc0ad000 	C:\Windows\system32\WS2_32.dll
0x000007fefc740000 - 0x000007fefc748000 	C:\Windows\system32\NSI.dll
0x000007fefa0e0000 - 0x000007fefa11b000 	C:\Windows\system32\WINMM.dll
0x0000000076fa0000 - 0x0000000076fa7000 	C:\Windows\system32\PSAPI.DLL
0x0000000073f50000 - 0x0000000073f5f000 	C:\Program Files\Java\jdk1.7.0_75\jre\bin\verify.dll
0x00000000690f0000 - 0x0000000069118000 	C:\Program Files\Java\jdk1.7.0_75\jre\bin\java.dll
0x00000000690d0000 - 0x00000000690e5000 	C:\Program Files\Java\jdk1.7.0_75\jre\bin\zip.dll
0x00000000690b0000 - 0x00000000690c9000 	C:\Program Files\Java\jdk1.7.0_75\jre\bin\net.dll
0x000007fefb3b0000 - 0x000007fefb405000 	C:\Windows\system32\mswsock.dll
0x000007fefb3a0000 - 0x000007fefb3a7000 	C:\Windows\System32\wship6.dll
0x0000000069090000 - 0x00000000690a1000 	C:\Program Files\Java\jdk1.7.0_75\jre\bin\nio.dll
0x000007fef6da0000 - 0x000007fef6ec5000 	C:\Windows\system32\dbghelp.dll

VM Arguments:
jvm_args: -Dfile.encoding=UTF-8 
java_command: com.etouch.common.TafExecutor
Launcher Type: SUN_STANDARD

Environment Variables:
JAVA_HOME=C:\Program Files\Java\jdk1.7.0_75
PATH=C:\Windows\system32;C:\Windows;C:\Windows\System32\Wbem;C:\Windows\System32\WindowsPowerShell\v1.0\;C:\Program Files\TortoiseSVN\bin;F:\Appium 32bit\android-sdk-windows;F:\Appium 32bit\android-sdk-windows\tools;C:\Program Files\Java\jdk1.7.0_75\bin;F:\Sarvesh\conns\apache-maven-3.3.9\bin;C:\Program Files\Java\jdk1.7.0_75\bin;F:\Sarvesh\conns\apache-maven-3.3.9\bin\;F:\Appium 32bit\android-sdk-windows\sdk\tools\;F:\Appium 32bit\android-sdk-windows\sdk\platform-tools\;C:\Users\asingh\AppData\Roaming\npm\node_modules\json-server-master\bin\index.js data.json;;C:\Jackson\jackson-2.1.0-all.jar;.;C:\Gson\gson-2.3.1.jar;.;F:\YouTube\apache-maven-3.3.9-bin\apache-maven-3.3.9/bin;C:\Program Files\Google\Google Apps Sync\;C:\Program Files\Google\Google Apps Migration\;C:\MailAlert;C:\Program Files (x86)\Skype\Phone\;C:\openssl-0.9.8r-x64_86-win64-rev2;C:\Users\asingh\AppData\Roaming\npm
USERNAME=asingh
OS=Windows_NT
PROCESSOR_IDENTIFIER=Intel64 Family 6 Model 69 Stepping 1, GenuineIntel



---------------  S Y S T E M  ---------------

OS: Windows 7 , 64 bit Build 7601 Service Pack 1

CPU:total 4 (2 cores per cpu, 2 threads per core) family 6 model 69 stepping 1, cmov, cx8, fxsr, mmx, sse, sse2, sse3, ssse3, sse4.1, sse4.2, popcnt, avx, avx2, aes, erms, ht, tsc, tscinvbit

Memory: 4k page, physical 8297216k(1477824k free), swap 16592568k(9681460k free)

vm_info: Java HotSpot(TM) 64-Bit Server VM (24.75-b04) for windows-amd64 JRE (1.7.0_75-b13), built on Dec 18 2014 17:15:01 by "java_re" with unknown MS VC++:1600

time: Mon Jul 10 17:06:14 2017
elapsed time: 3 seconds

